[+] Containers:
 |- [+] Container: /Game/FirstPerson/Maps/FirstPersonMap
 |   |- [+] ActorDescs:
 |   |   |- Guid:1C75C48443F10A5810B17DA3BF1893DD BaseClass: NativeClass:/Script/Engine.RectLight Name:RectLight_UAID_047C161BEB92183402_1900076646 Label:RectLight SpatiallyLoaded:1 Bounds:IsValid=true, Min=(X=433.000 Y=-475.000 Z=-685.000), Max=(X=2433.000 Y=1525.000 Z=1315.000) RuntimeGrid:None EditorOnly:0 RuntimeOnly:0 HLODRelevant:0
 |   |   |- Guid:1DF4766446AB0760AE18ADA1B19BFC18 BaseClass: NativeClass:/Script/Engine.StaticMeshActor Name:StaticMeshActor_UAID_047C161BEB92173402_2143158466 Label:Station_Cylinder_001 SpatiallyLoaded:1 Bounds:IsValid=true, Min=(X=-430.220 Y=136.809 Z=-69.575), Max=(X=-34.929 Y=577.401 Z=327.760) RuntimeGrid:None EditorOnly:0 RuntimeOnly:0 HLODRelevant:1
 |   |   |- Guid:22C4F1724348A3818BBA0A939CA01B63 BaseClass: NativeClass:/Script/Engine.WorldDataLayers Name:WorldDataLayers Label:WorldDataLayers-1 SpatiallyLoaded:0 Bounds:IsValid=true, Min=(X=0.000 Y=0.000 Z=0.000), Max=(X=0.000 Y=0.000 Z=0.000) RuntimeGrid:None EditorOnly:0 RuntimeOnly:0 HLODRelevant:0
 |   |   |- Guid:2A28E1C44696A580D6F5EA9515209CB6 BaseClass: NativeClass:/Script/Engine.RectLight Name:RectLight_UAID_047C161BEB92183402_1946497649 Label:RectLight4 SpatiallyLoaded:1 Bounds:IsValid=true, Min=(X=-747.000 Y=-475.000 Z=-685.000), Max=(X=1253.000 Y=1525.000 Z=1315.000) RuntimeGrid:None EditorOnly:0 RuntimeOnly:0 HLODRelevant:0
 |   |   |- Guid:3B12E7D041985D4EBB96FC91E2062A49 BaseClass: NativeClass:/Script/Engine.RectLight Name:RectLight_UAID_047C161BEB92183402_2144026656 Label:RectLight11 SpatiallyLoaded:1 Bounds:IsValid=true, Min=(X=456.000 Y=984.000 Z=-717.000), Max=(X=2456.000 Y=2984.000 Z=1283.000) RuntimeGrid:None EditorOnly:0 RuntimeOnly:0 HLODRelevant:0
 |   |   |- Guid:3DB4BAA3477236C5AB6467A72B667A31 BaseClass:/Game/FirstPerson/Blueprints/AirLock.AirLock_C NativeClass:/Script/Engine.Actor Name:AirLock_C_UAID_F02F741DD03C913302_1414568883 Label:AirLock SpatiallyLoaded:1 Bounds:IsValid=true, Min=(X=1683.066 Y=1811.357 Z=-55.590), Max=(X=1708.934 Y=2164.643 Z=315.590) RuntimeGrid:None EditorOnly:0 RuntimeOnly:0 HLODRelevant:0
 |   |   |- Guid:43F56B4E45EAF479ED28198C432377D7 BaseClass: NativeClass:/Script/Engine.RectLight Name:RectLight_UAID_047C161BEB92183402_1971896651 Label:RectLight6 SpatiallyLoaded:1 Bounds:IsValid=true, Min=(X=386.000 Y=226.000 Z=-685.000), Max=(X=2386.000 Y=2226.000 Z=1315.000) RuntimeGrid:None EditorOnly:0 RuntimeOnly:0 HLODRelevant:0
 |   |   |- Guid:4B57DF6E4D9ED5D23A5960A5FEF8BF75 BaseClass: NativeClass:/Script/Engine.RectLight Name:RectLight_UAID_047C161BEB92193402_1127735833 Label:RectLight12 SpatiallyLoaded:1 Bounds:IsValid=true, Min=(X=-1231.000 Y=-643.000 Z=-719.000), Max=(X=769.000 Y=1357.000 Z=1281.000) RuntimeGrid:None EditorOnly:0 RuntimeOnly:0 HLODRelevant:0
 |   |   |- Guid:554C8FAB4465389C510DB7A68ECC6628 BaseClass: NativeClass:/Script/Engine.StaticMeshActor Name:StaticMeshActor_UAID_047C161BEB92173402_2143146465 Label:Station_Cylinder SpatiallyLoaded:1 Bounds:IsValid=true, Min=(X=995.464 Y=1763.899 Z=-69.575), Max=(X=1708.288 Y=2201.321 Z=327.607) RuntimeGrid:None EditorOnly:0 RuntimeOnly:0 HLODRelevant:1
 |   |   |- Guid:616554B84D9AF28DF69ABD8837FD26D7 BaseClass: NativeClass:/Script/Engine.ExponentialHeightFog Name:ExponentialHeightFog_0 Label:ExponentialHeightFog SpatiallyLoaded:0 Bounds:IsValid=true, Min=(X=-5600.000 Y=-50.000 Z=-6850.000), Max=(X=-5600.000 Y=-50.000 Z=-6850.000) RuntimeGrid:None EditorOnly:0 RuntimeOnly:0 HLODRelevant:0 FolderPath:Lighting FolderGuid:D9E1224C415FCB205E4105B3245ADAAB
 |   |   |- Guid:6168B9724B8BA522D5E258913FFD5B84 BaseClass: NativeClass:/Script/Engine.StaticMeshActor Name:StaticMeshActor_UAID_047C161BEB92183402_1705974644 Label:Box SpatiallyLoaded:1 Bounds:IsValid=true, Min=(X=-430.000 Y=79.000 Z=-50.000), Max=(X=1716.000 Y=2149.000 Z=-42.000) RuntimeGrid:None EditorOnly:0 RuntimeOnly:0 HLODRelevant:0
 |   |   |- Guid:61D3C22F41581F1FBBE83A840606AC75 BaseClass: NativeClass:/Script/Engine.StaticMeshActor Name:StaticMeshActor_UAID_047C161BEB92173402_2143097461 Label:Station_COUNTER SpatiallyLoaded:1 Bounds:IsValid=true, Min=(X=989.637 Y=961.597 Z=-50.000), Max=(X=1696.754 Y=1456.944 Z=327.653) RuntimeGrid:None EditorOnly:0 RuntimeOnly:0 HLODRelevant:1
 |   |   |- Guid:644EB63F4A4223E52C1DB7B8F75B82A8 BaseClass: NativeClass:/Script/Engine.RectLight Name:RectLight_UAID_047C161BEB92183402_1981174652 Label:RectLight7 SpatiallyLoaded:1 Bounds:IsValid=true, Min=(X=-765.000 Y=112.000 Z=-685.000), Max=(X=1235.000 Y=2112.000 Z=1315.000) RuntimeGrid:None EditorOnly:0 RuntimeOnly:0 HLODRelevant:0
 |   |   |- Guid:6456ADDD428A590141FABFB9484712AA BaseClass: NativeClass:/Script/Engine.PostProcessVolume Name:PostProcessVolume_0 Label:PostProcessVolume SpatiallyLoaded:0 Bounds:IsValid=true, Min=(X=0.000 Y=0.000 Z=400.000), Max=(X=200.000 Y=200.000 Z=600.000) RuntimeGrid:None EditorOnly:0 RuntimeOnly:0 HLODRelevant:0 FolderPath:Lighting FolderGuid:D9E1224C415FCB205E4105B3245ADAAB
 |   |   |- Guid:6B67D48E49ADF340157D5FB63A6D3C97 BaseClass: NativeClass:/Script/Engine.RectLight Name:RectLight_UAID_047C161BEB92183402_2014435654 Label:RectLight9 SpatiallyLoaded:1 Bounds:IsValid=true, Min=(X=-765.000 Y=682.000 Z=-685.000), Max=(X=1235.000 Y=2682.000 Z=1315.000) RuntimeGrid:None EditorOnly:0 RuntimeOnly:0 HLODRelevant:0
 |   |   |- Guid:75A8775C4D6A45AA34633A9C92D3EE69 BaseClass: NativeClass:/Script/Engine.RectLight Name:RectLight_UAID_047C161BEB92183402_1946495648 Label:RectLight3 SpatiallyLoaded:1 Bounds:IsValid=true, Min=(X=-340.000 Y=-475.000 Z=-685.000), Max=(X=1660.000 Y=1525.000 Z=1315.000) RuntimeGrid:None EditorOnly:0 RuntimeOnly:0 HLODRelevant:0
 |   |   |- Guid:75CCB09C43B484931F9D2D8B79CFA67B BaseClass:/Game/BP_GM.BP_GM_C NativeClass:/Script/john_Diesel.GameManager Name:BP_GM_C_UAID_F02F741DD03C9A3302_1817702455 Label:BP_GM SpatiallyLoaded:1 Bounds:IsValid=true, Min=(X=0.000 Y=0.000 Z=0.000), Max=(X=0.000 Y=0.000 Z=0.000) RuntimeGrid:None EditorOnly:0 RuntimeOnly:0 HLODRelevant:0
 |   |   |- Guid:7A699BF944F9DAC273FB4FAD2236D7F8 BaseClass: NativeClass:/Script/Engine.SkyLight Name:SkyLight_0 Label:SkyLight SpatiallyLoaded:0 Bounds:IsValid=true, Min=(X=0.000 Y=0.000 Z=690.000), Max=(X=0.000 Y=0.000 Z=690.000) RuntimeGrid:None EditorOnly:0 RuntimeOnly:0 HLODRelevant:0 FolderPath:Lighting FolderGuid:D9E1224C415FCB205E4105B3245ADAAB
 |   |   |- Guid:82873F974D3E93CCDDBD22AC9D168FCE BaseClass:/Game/Map/BP_Door.BP_Door_C NativeClass:/Script/Engine.Actor Name:BP_Door_C_UAID_047C161BEB92193402_1269328834 Label:BP_Door SpatiallyLoaded:1 Bounds:IsValid=true, Min=(X=966.314 Y=1871.315 Z=-43.360), Max=(X=975.686 Y=2092.685 Z=243.360) RuntimeGrid:None EditorOnly:0 RuntimeOnly:0 HLODRelevant:0
 |   |   |- Guid:97FF78FB4EC8F13EF6751DB180B1CE46 BaseClass: NativeClass:/Script/Engine.DirectionalLight Name:DirectionalLight_0 Label:DirectionalLight SpatiallyLoaded:0 Bounds:IsValid=true, Min=(X=-1048576.000 Y=-1048576.000 Z=-1048576.000), Max=(X=1048576.000 Y=1048576.000 Z=1048576.000) RuntimeGrid:None EditorOnly:0 RuntimeOnly:0 HLODRelevant:0 FolderPath:Lighting FolderGuid:D9E1224C415FCB205E4105B3245ADAAB
 |   |   |- Guid:9C179AFA423715E72533E7BE31C5AFCB BaseClass: NativeClass:/Script/Engine.RectLight Name:RectLight_UAID_047C161BEB92183402_1934406647 Label:RectLight2 SpatiallyLoaded:1 Bounds:IsValid=true, Min=(X=26.000 Y=-475.000 Z=-685.000), Max=(X=2026.000 Y=1525.000 Z=1315.000) RuntimeGrid:None EditorOnly:0 RuntimeOnly:0 HLODRelevant:0
 |   |   |- Guid:A5FCDC664219DC8AAD6D739ADEF9C627 BaseClass: NativeClass:/Script/Engine.PlayerStart Name:PlayerStart_0 Label:PlayerStart SpatiallyLoaded:0 Bounds:IsValid=true, Min=(X=1177.000 Y=1255.000 Z=-0.987), Max=(X=1257.000 Y=1335.000 Z=183.013) RuntimeGrid:None EditorOnly:0 RuntimeOnly:0 HLODRelevant:0
 |   |   |- Guid:A7495D03449352130FE9B5AD5A5CF27C BaseClass: NativeClass:/Script/Engine.StaticMeshActor Name:StaticMeshActor_UAID_047C161BEB92173402_2143170467 Label:Station_WALLS SpatiallyLoaded:1 Bounds:IsValid=true, Min=(X=-53.418 Y=61.002 Z=-50.000), Max=(X=1717.364 Y=1475.978 Z=327.968) RuntimeGrid:None EditorOnly:0 RuntimeOnly:0 HLODRelevant:1
 |   |   |- Guid:B09B139B4BD78451813DA1BB573CFE6D BaseClass:/Game/Map/BP_DoorSwitch.BP_DoorSwitch_C NativeClass:/Script/Engine.Actor Name:BP_DoorSwitch_C_UAID_047C161BEB92193402_1600230835 Label:BP_DoorSwitch SpatiallyLoaded:1 Bounds:IsValid=true, Min=(X=926.186 Y=1738.342 Z=48.342), Max=(X=987.814 Y=1815.658 Z=125.658) RuntimeGrid:None EditorOnly:0 RuntimeOnly:0 HLODRelevant:0
 |   |   |- Guid:B8756312400EBB8CE85B31BE18941B9A BaseClass:/Game/Equipment/Fuel_Nozzle/BP_Gas_Gun.BP_Gas_Gun_C NativeClass:/Script/Engine.Actor Name:BP_Gas_Gun_C_UAID_047C161BEB92C53302_1549798029 Label:BP_Gas_Gun SpatiallyLoaded:1 Bounds:IsValid=true, Min=(X=1219.587 Y=1932.185 Z=39.772), Max=(X=1360.413 Y=2069.815 Z=95.000) RuntimeGrid:None EditorOnly:0 RuntimeOnly:0 HLODRelevant:0
 |   |   |- Guid:B9548A984F837126273495B3BED25CD9 BaseClass:/Game/BP_OrderBoardHandler.BP_OrderBoardHandler_C NativeClass:/Script/Engine.Actor Name:BP_OrderBoardHandler_C_UAID_F02F741DD03CA43402_1536221272 Label:BP_OrderBoardHandler SpatiallyLoaded:1 Bounds:IsValid=true, Min=(X=1610.985 Y=1334.000 Z=158.000), Max=(X=1611.005 Y=1430.000 Z=230.000) RuntimeGrid:None EditorOnly:0 RuntimeOnly:0 HLODRelevant:0
 |   |   |- Guid:D53AAFCF49A050749E2DA5A9C95F25F1 BaseClass: NativeClass:/Script/Engine.RectLight Name:RectLight_UAID_047C161BEB92183402_2006482653 Label:RectLight8 SpatiallyLoaded:1 Bounds:IsValid=true, Min=(X=-234.000 Y=799.000 Z=-685.000), Max=(X=1766.000 Y=2799.000 Z=1315.000) RuntimeGrid:None EditorOnly:0 RuntimeOnly:0 HLODRelevant:0
 |   |   |- Guid:D736E17742EDDBECCDE3BF9DD921EB47 BaseClass: NativeClass:/Script/Engine.StaticMeshActor Name:StaticMeshActor_UAID_047C161BEB92173402_2143122463 Label:Station_Cube_001 SpatiallyLoaded:1 Bounds:IsValid=true, Min=(X=-46.094 Y=945.453 Z=-50.000), Max=(X=1698.491 Y=2200.600 Z=327.315) RuntimeGrid:None EditorOnly:0 RuntimeOnly:0 HLODRelevant:1
 |   |   |- Guid:E9BC54564ACE1F60E94895BBB3CAB91B BaseClass: NativeClass:/Script/Engine.StaticMeshActor Name:StaticMeshActor_UAID_047C161BEB92183402_1883338645 Label:Box2 SpatiallyLoaded:1 Bounds:IsValid=true, Min=(X=-430.000 Y=79.000 Z=320.000), Max=(X=1716.000 Y=2149.000 Z=328.000) RuntimeGrid:None EditorOnly:0 RuntimeOnly:0 HLODRelevant:0
 |   |   |- Guid:EA1AEA95435BCF27AF739397E4A75ECB BaseClass: NativeClass:/Script/Engine.StaticMeshActor Name:StaticMeshActor_UAID_047C161BEB92173402_2143110462 Label:Station_Cube SpatiallyLoaded:1 Bounds:IsValid=true, Min=(X=1695.010 Y=1474.745 Z=-51.775), Max=(X=1716.040 Y=2200.749 Z=327.760) RuntimeGrid:None EditorOnly:0 RuntimeOnly:0 HLODRelevant:1
 |   |   |- Guid:ED1B8E74471F17E87E8A4A87B5FBF87F BaseClass: NativeClass:/Script/Engine.StaticMeshActor Name:StaticMeshActor_UAID_047C161BEB92173402_2143134464 Label:Station_Cube_002 SpatiallyLoaded:1 Bounds:IsValid=true, Min=(X=984.027 Y=950.552 Z=37.463), Max=(X=1698.673 Y=1462.602 Z=45.835) RuntimeGrid:None EditorOnly:0 RuntimeOnly:0 HLODRelevant:1
 |   |   |- Guid:F42621C9454466EFCA49DAA1DFC974B6 BaseClass: NativeClass:/Script/Engine.Actor Name:Actor_UAID_F02F741DD03C9B3302_1909043631 Label:DockLocation SpatiallyLoaded:1 Bounds:IsValid=true, Min=(X=2104.000 Y=1231.000 Z=80.000), Max=(X=2104.000 Y=1231.000 Z=80.000) RuntimeGrid:None EditorOnly:0 RuntimeOnly:0 HLODRelevant:0
 |   |   |- Guid:F91245E34CC453BE38C217AD40DB3145 BaseClass: NativeClass:/Script/Engine.RectLight Name:RectLight_UAID_047C161BEB92183402_2019279655 Label:RectLight10 SpatiallyLoaded:1 Bounds:IsValid=true, Min=(X=-765.000 Y=956.000 Z=-685.000), Max=(X=1235.000 Y=2956.000 Z=1315.000) RuntimeGrid:None EditorOnly:0 RuntimeOnly:0 HLODRelevant:0
 |   |   |- Guid:FB0C3D2448A1210017B58EAB9FF3ABF1 BaseClass: NativeClass:/Script/Engine.RectLight Name:RectLight_UAID_047C161BEB92183402_1956166650 Label:RectLight5 SpatiallyLoaded:1 Bounds:IsValid=true, Min=(X=-234.000 Y=204.000 Z=-685.000), Max=(X=1766.000 Y=2204.000 Z=1315.000) RuntimeGrid:None EditorOnly:0 RuntimeOnly:0 HLODRelevant:0
 |   |- [+] Clusters:
 |   |   |- [+] [  0]
 |   |   |   |- Guid:61D3C22F41581F1FBBE83A840606AC75 BaseClass: NativeClass:/Script/Engine.StaticMeshActor Name:StaticMeshActor_UAID_047C161BEB92173402_2143097461 Label:Station_COUNTER SpatiallyLoaded:1 Bounds:IsValid=true, Min=(X=989.637 Y=961.597 Z=-50.000), Max=(X=1696.754 Y=1456.944 Z=327.653) RuntimeGrid:None EditorOnly:0 RuntimeOnly:0 HLODRelevant:1
 |   |   |- [+] [  1]
 |   |   |   |- Guid:616554B84D9AF28DF69ABD8837FD26D7 BaseClass: NativeClass:/Script/Engine.ExponentialHeightFog Name:ExponentialHeightFog_0 Label:ExponentialHeightFog SpatiallyLoaded:0 Bounds:IsValid=true, Min=(X=-5600.000 Y=-50.000 Z=-6850.000), Max=(X=-5600.000 Y=-50.000 Z=-6850.000) RuntimeGrid:None EditorOnly:0 RuntimeOnly:0 HLODRelevant:0 FolderPath:Lighting FolderGuid:D9E1224C415FCB205E4105B3245ADAAB
 |   |   |- [+] [  2]
 |   |   |   |- Guid:F91245E34CC453BE38C217AD40DB3145 BaseClass: NativeClass:/Script/Engine.RectLight Name:RectLight_UAID_047C161BEB92183402_2019279655 Label:RectLight10 SpatiallyLoaded:1 Bounds:IsValid=true, Min=(X=-765.000 Y=956.000 Z=-685.000), Max=(X=1235.000 Y=2956.000 Z=1315.000) RuntimeGrid:None EditorOnly:0 RuntimeOnly:0 HLODRelevant:0
 |   |   |- [+] [  3]
 |   |   |   |- Guid:75A8775C4D6A45AA34633A9C92D3EE69 BaseClass: NativeClass:/Script/Engine.RectLight Name:RectLight_UAID_047C161BEB92183402_1946495648 Label:RectLight3 SpatiallyLoaded:1 Bounds:IsValid=true, Min=(X=-340.000 Y=-475.000 Z=-685.000), Max=(X=1660.000 Y=1525.000 Z=1315.000) RuntimeGrid:None EditorOnly:0 RuntimeOnly:0 HLODRelevant:0
 |   |   |- [+] [  4]
 |   |   |   |- Guid:B09B139B4BD78451813DA1BB573CFE6D BaseClass:/Game/Map/BP_DoorSwitch.BP_DoorSwitch_C NativeClass:/Script/Engine.Actor Name:BP_DoorSwitch_C_UAID_047C161BEB92193402_1600230835 Label:BP_DoorSwitch SpatiallyLoaded:1 Bounds:IsValid=true, Min=(X=926.186 Y=1738.342 Z=48.342), Max=(X=987.814 Y=1815.658 Z=125.658) RuntimeGrid:None EditorOnly:0 RuntimeOnly:0 HLODRelevant:0
 |   |   |   |- Guid:82873F974D3E93CCDDBD22AC9D168FCE BaseClass:/Game/Map/BP_Door.BP_Door_C NativeClass:/Script/Engine.Actor Name:BP_Door_C_UAID_047C161BEB92193402_1269328834 Label:BP_Door SpatiallyLoaded:1 Bounds:IsValid=true, Min=(X=966.314 Y=1871.315 Z=-43.360), Max=(X=975.686 Y=2092.685 Z=243.360) RuntimeGrid:None EditorOnly:0 RuntimeOnly:0 HLODRelevant:0
 |   |   |- [+] [  5]
 |   |   |   |- Guid:E9BC54564ACE1F60E94895BBB3CAB91B BaseClass: NativeClass:/Script/Engine.StaticMeshActor Name:StaticMeshActor_UAID_047C161BEB92183402_1883338645 Label:Box2 SpatiallyLoaded:1 Bounds:IsValid=true, Min=(X=-430.000 Y=79.000 Z=320.000), Max=(X=1716.000 Y=2149.000 Z=328.000) RuntimeGrid:None EditorOnly:0 RuntimeOnly:0 HLODRelevant:0
 |   |   |- [+] [  6]
 |   |   |   |- Guid:D736E17742EDDBECCDE3BF9DD921EB47 BaseClass: NativeClass:/Script/Engine.StaticMeshActor Name:StaticMeshActor_UAID_047C161BEB92173402_2143122463 Label:Station_Cube_001 SpatiallyLoaded:1 Bounds:IsValid=true, Min=(X=-46.094 Y=945.453 Z=-50.000), Max=(X=1698.491 Y=2200.600 Z=327.315) RuntimeGrid:None EditorOnly:0 RuntimeOnly:0 HLODRelevant:1
 |   |   |- [+] [  7]
 |   |   |   |- Guid:F42621C9454466EFCA49DAA1DFC974B6 BaseClass: NativeClass:/Script/Engine.Actor Name:Actor_UAID_F02F741DD03C9B3302_1909043631 Label:DockLocation SpatiallyLoaded:1 Bounds:IsValid=true, Min=(X=2104.000 Y=1231.000 Z=80.000), Max=(X=2104.000 Y=1231.000 Z=80.000) RuntimeGrid:None EditorOnly:0 RuntimeOnly:0 HLODRelevant:0
 |   |   |- [+] [  8]
 |   |   |   |- Guid:43F56B4E45EAF479ED28198C432377D7 BaseClass: NativeClass:/Script/Engine.RectLight Name:RectLight_UAID_047C161BEB92183402_1971896651 Label:RectLight6 SpatiallyLoaded:1 Bounds:IsValid=true, Min=(X=386.000 Y=226.000 Z=-685.000), Max=(X=2386.000 Y=2226.000 Z=1315.000) RuntimeGrid:None EditorOnly:0 RuntimeOnly:0 HLODRelevant:0
 |   |   |- [+] [  9]
 |   |   |   |- Guid:B8756312400EBB8CE85B31BE18941B9A BaseClass:/Game/Equipment/Fuel_Nozzle/BP_Gas_Gun.BP_Gas_Gun_C NativeClass:/Script/Engine.Actor Name:BP_Gas_Gun_C_UAID_047C161BEB92C53302_1549798029 Label:BP_Gas_Gun SpatiallyLoaded:1 Bounds:IsValid=true, Min=(X=1219.587 Y=1932.185 Z=39.772), Max=(X=1360.413 Y=2069.815 Z=95.000) RuntimeGrid:None EditorOnly:0 RuntimeOnly:0 HLODRelevant:0
 |   |   |- [+] [ 10]
 |   |   |   |- Guid:9C179AFA423715E72533E7BE31C5AFCB BaseClass: NativeClass:/Script/Engine.RectLight Name:RectLight_UAID_047C161BEB92183402_1934406647 Label:RectLight2 SpatiallyLoaded:1 Bounds:IsValid=true, Min=(X=26.000 Y=-475.000 Z=-685.000), Max=(X=2026.000 Y=1525.000 Z=1315.000) RuntimeGrid:None EditorOnly:0 RuntimeOnly:0 HLODRelevant:0
 |   |   |- [+] [ 11]
 |   |   |   |- Guid:3B12E7D041985D4EBB96FC91E2062A49 BaseClass: NativeClass:/Script/Engine.RectLight Name:RectLight_UAID_047C161BEB92183402_2144026656 Label:RectLight11 SpatiallyLoaded:1 Bounds:IsValid=true, Min=(X=456.000 Y=984.000 Z=-717.000), Max=(X=2456.000 Y=2984.000 Z=1283.000) RuntimeGrid:None EditorOnly:0 RuntimeOnly:0 HLODRelevant:0
 |   |   |- [+] [ 12]
 |   |   |   |- Guid:75CCB09C43B484931F9D2D8B79CFA67B BaseClass:/Game/BP_GM.BP_GM_C NativeClass:/Script/john_Diesel.GameManager Name:BP_GM_C_UAID_F02F741DD03C9A3302_1817702455 Label:BP_GM SpatiallyLoaded:1 Bounds:IsValid=true, Min=(X=0.000 Y=0.000 Z=0.000), Max=(X=0.000 Y=0.000 Z=0.000) RuntimeGrid:None EditorOnly:0 RuntimeOnly:0 HLODRelevant:0
 |   |   |- [+] [ 13]
 |   |   |   |- Guid:7A699BF944F9DAC273FB4FAD2236D7F8 BaseClass: NativeClass:/Script/Engine.SkyLight Name:SkyLight_0 Label:SkyLight SpatiallyLoaded:0 Bounds:IsValid=true, Min=(X=0.000 Y=0.000 Z=690.000), Max=(X=0.000 Y=0.000 Z=690.000) RuntimeGrid:None EditorOnly:0 RuntimeOnly:0 HLODRelevant:0 FolderPath:Lighting FolderGuid:D9E1224C415FCB205E4105B3245ADAAB
 |   |   |- [+] [ 14]
 |   |   |   |- Guid:554C8FAB4465389C510DB7A68ECC6628 BaseClass: NativeClass:/Script/Engine.StaticMeshActor Name:StaticMeshActor_UAID_047C161BEB92173402_2143146465 Label:Station_Cylinder SpatiallyLoaded:1 Bounds:IsValid=true, Min=(X=995.464 Y=1763.899 Z=-69.575), Max=(X=1708.288 Y=2201.321 Z=327.607) RuntimeGrid:None EditorOnly:0 RuntimeOnly:0 HLODRelevant:1
 |   |   |- [+] [ 15]
 |   |   |   |- Guid:2A28E1C44696A580D6F5EA9515209CB6 BaseClass: NativeClass:/Script/Engine.RectLight Name:RectLight_UAID_047C161BEB92183402_1946497649 Label:RectLight4 SpatiallyLoaded:1 Bounds:IsValid=true, Min=(X=-747.000 Y=-475.000 Z=-685.000), Max=(X=1253.000 Y=1525.000 Z=1315.000) RuntimeGrid:None EditorOnly:0 RuntimeOnly:0 HLODRelevant:0
 |   |   |- [+] [ 16]
 |   |   |   |- Guid:A7495D03449352130FE9B5AD5A5CF27C BaseClass: NativeClass:/Script/Engine.StaticMeshActor Name:StaticMeshActor_UAID_047C161BEB92173402_2143170467 Label:Station_WALLS SpatiallyLoaded:1 Bounds:IsValid=true, Min=(X=-53.418 Y=61.002 Z=-50.000), Max=(X=1717.364 Y=1475.978 Z=327.968) RuntimeGrid:None EditorOnly:0 RuntimeOnly:0 HLODRelevant:1
 |   |   |- [+] [ 17]
 |   |   |   |- Guid:FB0C3D2448A1210017B58EAB9FF3ABF1 BaseClass: NativeClass:/Script/Engine.RectLight Name:RectLight_UAID_047C161BEB92183402_1956166650 Label:RectLight5 SpatiallyLoaded:1 Bounds:IsValid=true, Min=(X=-234.000 Y=204.000 Z=-685.000), Max=(X=1766.000 Y=2204.000 Z=1315.000) RuntimeGrid:None EditorOnly:0 RuntimeOnly:0 HLODRelevant:0
 |   |   |- [+] [ 18]
 |   |   |   |- Guid:6B67D48E49ADF340157D5FB63A6D3C97 BaseClass: NativeClass:/Script/Engine.RectLight Name:RectLight_UAID_047C161BEB92183402_2014435654 Label:RectLight9 SpatiallyLoaded:1 Bounds:IsValid=true, Min=(X=-765.000 Y=682.000 Z=-685.000), Max=(X=1235.000 Y=2682.000 Z=1315.000) RuntimeGrid:None EditorOnly:0 RuntimeOnly:0 HLODRelevant:0
 |   |   |- [+] [ 19]
 |   |   |   |- Guid:A5FCDC664219DC8AAD6D739ADEF9C627 BaseClass: NativeClass:/Script/Engine.PlayerStart Name:PlayerStart_0 Label:PlayerStart SpatiallyLoaded:0 Bounds:IsValid=true, Min=(X=1177.000 Y=1255.000 Z=-0.987), Max=(X=1257.000 Y=1335.000 Z=183.013) RuntimeGrid:None EditorOnly:0 RuntimeOnly:0 HLODRelevant:0
 |   |   |- [+] [ 20]
 |   |   |   |- Guid:3DB4BAA3477236C5AB6467A72B667A31 BaseClass:/Game/FirstPerson/Blueprints/AirLock.AirLock_C NativeClass:/Script/Engine.Actor Name:AirLock_C_UAID_F02F741DD03C913302_1414568883 Label:AirLock SpatiallyLoaded:1 Bounds:IsValid=true, Min=(X=1683.066 Y=1811.357 Z=-55.590), Max=(X=1708.934 Y=2164.643 Z=315.590) RuntimeGrid:None EditorOnly:0 RuntimeOnly:0 HLODRelevant:0
 |   |   |- [+] [ 21]
 |   |   |   |- Guid:6168B9724B8BA522D5E258913FFD5B84 BaseClass: NativeClass:/Script/Engine.StaticMeshActor Name:StaticMeshActor_UAID_047C161BEB92183402_1705974644 Label:Box SpatiallyLoaded:1 Bounds:IsValid=true, Min=(X=-430.000 Y=79.000 Z=-50.000), Max=(X=1716.000 Y=2149.000 Z=-42.000) RuntimeGrid:None EditorOnly:0 RuntimeOnly:0 HLODRelevant:0
 |   |   |- [+] [ 22]
 |   |   |   |- Guid:EA1AEA95435BCF27AF739397E4A75ECB BaseClass: NativeClass:/Script/Engine.StaticMeshActor Name:StaticMeshActor_UAID_047C161BEB92173402_2143110462 Label:Station_Cube SpatiallyLoaded:1 Bounds:IsValid=true, Min=(X=1695.010 Y=1474.745 Z=-51.775), Max=(X=1716.040 Y=2200.749 Z=327.760) RuntimeGrid:None EditorOnly:0 RuntimeOnly:0 HLODRelevant:1
 |   |   |- [+] [ 23]
 |   |   |   |- Guid:1C75C48443F10A5810B17DA3BF1893DD BaseClass: NativeClass:/Script/Engine.RectLight Name:RectLight_UAID_047C161BEB92183402_1900076646 Label:RectLight SpatiallyLoaded:1 Bounds:IsValid=true, Min=(X=433.000 Y=-475.000 Z=-685.000), Max=(X=2433.000 Y=1525.000 Z=1315.000) RuntimeGrid:None EditorOnly:0 RuntimeOnly:0 HLODRelevant:0
 |   |   |- [+] [ 24]
 |   |   |   |- Guid:97FF78FB4EC8F13EF6751DB180B1CE46 BaseClass: NativeClass:/Script/Engine.DirectionalLight Name:DirectionalLight_0 Label:DirectionalLight SpatiallyLoaded:0 Bounds:IsValid=true, Min=(X=-1048576.000 Y=-1048576.000 Z=-1048576.000), Max=(X=1048576.000 Y=1048576.000 Z=1048576.000) RuntimeGrid:None EditorOnly:0 RuntimeOnly:0 HLODRelevant:0 FolderPath:Lighting FolderGuid:D9E1224C415FCB205E4105B3245ADAAB
 |   |   |- [+] [ 25]
 |   |   |   |- Guid:D53AAFCF49A050749E2DA5A9C95F25F1 BaseClass: NativeClass:/Script/Engine.RectLight Name:RectLight_UAID_047C161BEB92183402_2006482653 Label:RectLight8 SpatiallyLoaded:1 Bounds:IsValid=true, Min=(X=-234.000 Y=799.000 Z=-685.000), Max=(X=1766.000 Y=2799.000 Z=1315.000) RuntimeGrid:None EditorOnly:0 RuntimeOnly:0 HLODRelevant:0
 |   |   |- [+] [ 26]
 |   |   |   |- Guid:ED1B8E74471F17E87E8A4A87B5FBF87F BaseClass: NativeClass:/Script/Engine.StaticMeshActor Name:StaticMeshActor_UAID_047C161BEB92173402_2143134464 Label:Station_Cube_002 SpatiallyLoaded:1 Bounds:IsValid=true, Min=(X=984.027 Y=950.552 Z=37.463), Max=(X=1698.673 Y=1462.602 Z=45.835) RuntimeGrid:None EditorOnly:0 RuntimeOnly:0 HLODRelevant:1
 |   |   |- [+] [ 27]
 |   |   |   |- Guid:644EB63F4A4223E52C1DB7B8F75B82A8 BaseClass: NativeClass:/Script/Engine.RectLight Name:RectLight_UAID_047C161BEB92183402_1981174652 Label:RectLight7 SpatiallyLoaded:1 Bounds:IsValid=true, Min=(X=-765.000 Y=112.000 Z=-685.000), Max=(X=1235.000 Y=2112.000 Z=1315.000) RuntimeGrid:None EditorOnly:0 RuntimeOnly:0 HLODRelevant:0
 |   |   |- [+] [ 28]
 |   |   |   |- Guid:22C4F1724348A3818BBA0A939CA01B63 BaseClass: NativeClass:/Script/Engine.WorldDataLayers Name:WorldDataLayers Label:WorldDataLayers-1 SpatiallyLoaded:0 Bounds:IsValid=true, Min=(X=0.000 Y=0.000 Z=0.000), Max=(X=0.000 Y=0.000 Z=0.000) RuntimeGrid:None EditorOnly:0 RuntimeOnly:0 HLODRelevant:0
 |   |   |- [+] [ 29]
 |   |   |   |- Guid:4B57DF6E4D9ED5D23A5960A5FEF8BF75 BaseClass: NativeClass:/Script/Engine.RectLight Name:RectLight_UAID_047C161BEB92193402_1127735833 Label:RectLight12 SpatiallyLoaded:1 Bounds:IsValid=true, Min=(X=-1231.000 Y=-643.000 Z=-719.000), Max=(X=769.000 Y=1357.000 Z=1281.000) RuntimeGrid:None EditorOnly:0 RuntimeOnly:0 HLODRelevant:0
 |   |   |- [+] [ 30]
 |   |   |   |- Guid:6456ADDD428A590141FABFB9484712AA BaseClass: NativeClass:/Script/Engine.PostProcessVolume Name:PostProcessVolume_0 Label:PostProcessVolume SpatiallyLoaded:0 Bounds:IsValid=true, Min=(X=0.000 Y=0.000 Z=400.000), Max=(X=200.000 Y=200.000 Z=600.000) RuntimeGrid:None EditorOnly:0 RuntimeOnly:0 HLODRelevant:0 FolderPath:Lighting FolderGuid:D9E1224C415FCB205E4105B3245ADAAB
 |   |   |- [+] [ 31]
 |   |   |   |- Guid:1DF4766446AB0760AE18ADA1B19BFC18 BaseClass: NativeClass:/Script/Engine.StaticMeshActor Name:StaticMeshActor_UAID_047C161BEB92173402_2143158466 Label:Station_Cylinder_001 SpatiallyLoaded:1 Bounds:IsValid=true, Min=(X=-430.220 Y=136.809 Z=-69.575), Max=(X=-34.929 Y=577.401 Z=327.760) RuntimeGrid:None EditorOnly:0 RuntimeOnly:0 HLODRelevant:1
 |   |   |- [+] [ 32]
 |   |   |   |- Guid:B9548A984F837126273495B3BED25CD9 BaseClass:/Game/BP_OrderBoardHandler.BP_OrderBoardHandler_C NativeClass:/Script/Engine.Actor Name:BP_OrderBoardHandler_C_UAID_F02F741DD03CA43402_1536221272 Label:BP_OrderBoardHandler SpatiallyLoaded:1 Bounds:IsValid=true, Min=(X=1610.985 Y=1334.000 Z=158.000), Max=(X=1611.005 Y=1430.000 Z=230.000) RuntimeGrid:None EditorOnly:0 RuntimeOnly:0 HLODRelevant:0
 |- ContainerInstances:
 |- [+] MainContainer:
 |   |-        ID: 0x0000000000000000
 |   |-    Bounds: IsValid=false, Min=(X=0.000 Y=0.000 Z=0.000), Max=(X=0.000 Y=0.000 Z=0.000)
 |   |- Transform: 0.000000,0.000000,0.000000|0.000000,0.000000,-0.000000|1.000000,1.000000,1.000000
 |   |- Container: /Game/FirstPerson/Maps/FirstPersonMap
----------------------------------------------------------------------------------------------------------------
FirstPersonMap - Persistent Level
----------------------------------------------------------------------------------------------------------------
Always loaded Actor Count: 44 

----------------------------------------------------------------------------------------------------------------
FirstPersonMap - Runtime Spatial Hash - Streaming Grid - MainGrid
----------------------------------------------------------------------------------------------------------------
            Origin: X=0.000 Y=0.000 Z=0.000
         Cell Size: 12800
      World Bounds: IsValid=false, Min=(X=0.000 Y=0.000 Z=0.000), Max=(X=0.000 Y=0.000 Z=0.000)
     Loading Range: 25600.00
Block Slow Loading: No
 ClientOnlyVisible: No

[+] Grid Levels: 1
 |- Level  0: Cell Count    0 | Cell Size   12800 | Actor Count    0 (0.0%)

[+] Content of Grid Level 0

