[+] Containers:
 |- [+] Container: /Game/FirstPerson/Maps/FirstPersonMap
 |   |- [+] ActorDescs:
 |   |   |- Guid:0FEB29D4424334C87CEF2D82A0075D9C BaseClass:/Game/DockLocation.DockLocation_C NativeClass:/Script/Engine.Actor Name:DockLocation_C_UAID_F02F741DD03C9C3302_1346229808 Label:DockLocation SpatiallyLoaded:1 Bounds:IsValid=true, Min=(X=1100.000 Y=2390.000 Z=110.000), Max=(X=1100.000 Y=2390.000 Z=110.000) RuntimeGrid:None EditorOnly:0 RuntimeOnly:0 HLODRelevant:0
 |   |   |- Guid:1C75C48443F10A5810B17DA3BF1893DD BaseClass: NativeClass:/Script/Engine.RectLight Name:RectLight_UAID_047C161BEB92183402_1900076646 Label:RectLight SpatiallyLoaded:1 Bounds:IsValid=true, Min=(X=433.000 Y=-475.000 Z=-685.000), Max=(X=2433.000 Y=1525.000 Z=1315.000) RuntimeGrid:None EditorOnly:0 RuntimeOnly:0 HLODRelevant:0
 |   |   |- Guid:1DF4766446AB0760AE18ADA1B19BFC18 BaseClass: NativeClass:/Script/Engine.StaticMeshActor Name:StaticMeshActor_UAID_047C161BEB92173402_2143158466 Label:Station_Cylinder_001 SpatiallyLoaded:1 Bounds:IsValid=true, Min=(X=-430.220 Y=136.809 Z=-69.575), Max=(X=-34.929 Y=577.401 Z=327.760) RuntimeGrid:None EditorOnly:0 RuntimeOnly:0 HLODRelevant:1
 |   |   |- Guid:1F42CDDE4925A6F616BA86B1A8BF8110 BaseClass: NativeClass:/Script/Engine.StaticMeshActor Name:StaticMeshActor_UAID_047C161BEB921D3402_1553080514 Label:Box3 SpatiallyLoaded:1 Bounds:IsValid=true, Min=(X=1497.000 Y=2091.000 Z=-43.000), Max=(X=1695.000 Y=2191.000 Z=280.000) RuntimeGrid:None EditorOnly:0 RuntimeOnly:0 HLODRelevant:0
 |   |   |- Guid:22C4F1724348A3818BBA0A939CA01B63 BaseClass: NativeClass:/Script/Engine.WorldDataLayers Name:WorldDataLayers Label:WorldDataLayers-1 SpatiallyLoaded:0 Bounds:IsValid=true, Min=(X=0.000 Y=0.000 Z=0.000), Max=(X=0.000 Y=0.000 Z=0.000) RuntimeGrid:None EditorOnly:0 RuntimeOnly:0 HLODRelevant:0
 |   |   |- Guid:2A28E1C44696A580D6F5EA9515209CB6 BaseClass: NativeClass:/Script/Engine.RectLight Name:RectLight_UAID_047C161BEB92183402_1946497649 Label:RectLight4 SpatiallyLoaded:1 Bounds:IsValid=true, Min=(X=-747.000 Y=-475.000 Z=-685.000), Max=(X=1253.000 Y=1525.000 Z=1315.000) RuntimeGrid:None EditorOnly:0 RuntimeOnly:0 HLODRelevant:0
 |   |   |- Guid:3B12E7D041985D4EBB96FC91E2062A49 BaseClass: NativeClass:/Script/Engine.RectLight Name:RectLight_UAID_047C161BEB92183402_2144026656 Label:RectLight11 SpatiallyLoaded:1 Bounds:IsValid=true, Min=(X=456.000 Y=984.000 Z=-717.000), Max=(X=2456.000 Y=2984.000 Z=1283.000) RuntimeGrid:None EditorOnly:0 RuntimeOnly:0 HLODRelevant:0
 |   |   |- Guid:3DB4BAA3477236C5AB6467A72B667A31 BaseClass:/Game/FirstPerson/Blueprints/AirLock.AirLock_C NativeClass:/Script/Engine.Actor Name:AirLock_C_UAID_F02F741DD03C913302_1414568883 Label:AirLock SpatiallyLoaded:1 Bounds:IsValid=true, Min=(X=1712.066 Y=1869.887 Z=-55.590), Max=(X=1737.934 Y=2088.113 Z=315.590) RuntimeGrid:None EditorOnly:0 RuntimeOnly:0 HLODRelevant:0
 |   |   |- Guid:43F56B4E45EAF479ED28198C432377D7 BaseClass: NativeClass:/Script/Engine.RectLight Name:RectLight_UAID_047C161BEB92183402_1971896651 Label:RectLight6 SpatiallyLoaded:1 Bounds:IsValid=true, Min=(X=386.000 Y=226.000 Z=-685.000), Max=(X=2386.000 Y=2226.000 Z=1315.000) RuntimeGrid:None EditorOnly:0 RuntimeOnly:0 HLODRelevant:0
 |   |   |- Guid:4B57DF6E4D9ED5D23A5960A5FEF8BF75 BaseClass: NativeClass:/Script/Engine.RectLight Name:RectLight_UAID_047C161BEB92193402_1127735833 Label:RectLight12 SpatiallyLoaded:1 Bounds:IsValid=true, Min=(X=-1231.000 Y=-643.000 Z=-719.000), Max=(X=769.000 Y=1357.000 Z=1281.000) RuntimeGrid:None EditorOnly:0 RuntimeOnly:0 HLODRelevant:0
 |   |   |- Guid:554C8FAB4465389C510DB7A68ECC6628 BaseClass: NativeClass:/Script/Engine.StaticMeshActor Name:StaticMeshActor_UAID_047C161BEB92173402_2143146465 Label:Station_Cylinder SpatiallyLoaded:1 Bounds:IsValid=true, Min=(X=995.464 Y=1763.899 Z=-69.575), Max=(X=1708.288 Y=2201.321 Z=327.607) RuntimeGrid:None EditorOnly:0 RuntimeOnly:0 HLODRelevant:1
 |   |   |- Guid:55FDBDDC4E7D3E11CB7A93851CCCBDF1 BaseClass:/Game/Map/doors/airlock/BP_AirlockOpen.BP_AirlockOpen_C NativeClass:/Script/Engine.Actor Name:BP_AirlockOpen_C_UAID_047C161BEB921D3402_1860324521 Label:BP_AirlockOpen SpatiallyLoaded:1 Bounds:IsValid=true, Min=(X=1560.253 Y=2059.463 Z=76.253), Max=(X=1615.747 Y=2148.537 Z=131.747) RuntimeGrid:None EditorOnly:0 RuntimeOnly:0 HLODRelevant:0
 |   |   |- Guid:6168B9724B8BA522D5E258913FFD5B84 BaseClass: NativeClass:/Script/Engine.StaticMeshActor Name:StaticMeshActor_UAID_047C161BEB92183402_1705974644 Label:Box SpatiallyLoaded:1 Bounds:IsValid=true, Min=(X=-430.000 Y=79.000 Z=-50.000), Max=(X=1716.000 Y=2198.000 Z=-42.000) RuntimeGrid:None EditorOnly:0 RuntimeOnly:0 HLODRelevant:0
 |   |   |- Guid:61D3C22F41581F1FBBE83A840606AC75 BaseClass: NativeClass:/Script/Engine.StaticMeshActor Name:StaticMeshActor_UAID_047C161BEB92173402_2143097461 Label:Station_COUNTER SpatiallyLoaded:1 Bounds:IsValid=true, Min=(X=989.637 Y=961.597 Z=-50.000), Max=(X=1696.754 Y=1456.944 Z=327.653) RuntimeGrid:None EditorOnly:0 RuntimeOnly:0 HLODRelevant:1
 |   |   |- Guid:644EB63F4A4223E52C1DB7B8F75B82A8 BaseClass: NativeClass:/Script/Engine.RectLight Name:RectLight_UAID_047C161BEB92183402_1981174652 Label:RectLight7 SpatiallyLoaded:1 Bounds:IsValid=true, Min=(X=-765.000 Y=112.000 Z=-685.000), Max=(X=1235.000 Y=2112.000 Z=1315.000) RuntimeGrid:None EditorOnly:0 RuntimeOnly:0 HLODRelevant:0
 |   |   |- Guid:6456ADDD428A590141FABFB9484712AA BaseClass: NativeClass:/Script/Engine.PostProcessVolume Name:PostProcessVolume_0 Label:PostProcessVolume SpatiallyLoaded:0 Bounds:IsValid=true, Min=(X=0.000 Y=0.000 Z=400.000), Max=(X=200.000 Y=200.000 Z=600.000) RuntimeGrid:None EditorOnly:0 RuntimeOnly:0 HLODRelevant:0 FolderPath:Lighting FolderGuid:D9E1224C415FCB205E4105B3245ADAAB
 |   |   |- Guid:6B67D48E49ADF340157D5FB63A6D3C97 BaseClass: NativeClass:/Script/Engine.RectLight Name:RectLight_UAID_047C161BEB92183402_2014435654 Label:RectLight9 SpatiallyLoaded:1 Bounds:IsValid=true, Min=(X=-765.000 Y=682.000 Z=-685.000), Max=(X=1235.000 Y=2682.000 Z=1315.000) RuntimeGrid:None EditorOnly:0 RuntimeOnly:0 HLODRelevant:0
 |   |   |- Guid:75A8775C4D6A45AA34633A9C92D3EE69 BaseClass: NativeClass:/Script/Engine.RectLight Name:RectLight_UAID_047C161BEB92183402_1946495648 Label:RectLight3 SpatiallyLoaded:1 Bounds:IsValid=true, Min=(X=-340.000 Y=-475.000 Z=-685.000), Max=(X=1660.000 Y=1525.000 Z=1315.000) RuntimeGrid:None EditorOnly:0 RuntimeOnly:0 HLODRelevant:0
 |   |   |- Guid:75CCB09C43B484931F9D2D8B79CFA67B BaseClass:/Game/BP_GM.BP_GM_C NativeClass:/Script/john_Diesel.GameManager Name:BP_GM_C_UAID_F02F741DD03C9A3302_1817702455 Label:BP_GM SpatiallyLoaded:1 Bounds:IsValid=true, Min=(X=0.000 Y=0.000 Z=0.000), Max=(X=0.000 Y=0.000 Z=0.000) RuntimeGrid:None EditorOnly:0 RuntimeOnly:0 HLODRelevant:0
 |   |   |- Guid:7B40F2AC47BCF9E5648FAAB207FED91C BaseClass:/Game/Map/Skybox/BP_SpaceSB.BP_SpaceSB_C NativeClass:/Script/Engine.Actor Name:BP_SpaceSB_C_UAID_047C161BEB921C3402_1876060337 Label:BP_SpaceSB SpatiallyLoaded:1 Bounds:IsValid=true, Min=(X=-409600000.000 Y=-409600000.000 Z=-409600000.000), Max=(X=409600000.000 Y=409600000.000 Z=409600000.000) RuntimeGrid:None EditorOnly:0 RuntimeOnly:0 HLODRelevant:0 FolderPath:Lighting FolderGuid:D9E1224C415FCB205E4105B3245ADAAB
 |   |   |- Guid:7F1F7F924BE36B9A388F528029FBC2B1 BaseClass: NativeClass:/Script/Engine.StaticMeshActor Name:StaticMeshActor_UAID_047C161BEB921D3402_1581583515 Label:Box4 SpatiallyLoaded:1 Bounds:IsValid=true, Min=(X=996.000 Y=2091.000 Z=-49.000), Max=(X=1220.000 Y=2190.000 Z=291.000) RuntimeGrid:None EditorOnly:0 RuntimeOnly:0 HLODRelevant:0
 |   |   |- Guid:82873F974D3E93CCDDBD22AC9D168FCE BaseClass:/Game/Map/doors/BP_Door.BP_Door_C NativeClass:/Script/Engine.Actor Name:BP_Door_C_UAID_047C161BEB92193402_1269328834 Label:BP_Door SpatiallyLoaded:1 Bounds:IsValid=true, Min=(X=966.314 Y=1871.315 Z=-43.360), Max=(X=975.686 Y=2092.685 Z=243.360) RuntimeGrid:None EditorOnly:0 RuntimeOnly:0 HLODRelevant:0
 |   |   |- Guid:8F623CE14513F3B9A56FC1B12A94E733 BaseClass: NativeClass:/Script/Engine.StaticMeshActor Name:StaticMeshActor_UAID_047C161BEB921D3402_2074172524 Label:Box5 SpatiallyLoaded:1 Bounds:IsValid=true, Min=(X=1219.000 Y=2091.000 Z=21.000), Max=(X=1497.000 Y=2211.000 Z=54.000) RuntimeGrid:None EditorOnly:0 RuntimeOnly:0 HLODRelevant:0
 |   |   |- Guid:97FF78FB4EC8F13EF6751DB180B1CE46 BaseClass: NativeClass:/Script/Engine.DirectionalLight Name:DirectionalLight_0 Label:DirectionalLight SpatiallyLoaded:0 Bounds:IsValid=true, Min=(X=-4398046511104.000 Y=-4398046511104.000 Z=-4398046511104.000), Max=(X=4398046511104.000 Y=4398046511104.000 Z=4398046511104.000) RuntimeGrid:None EditorOnly:0 RuntimeOnly:0 HLODRelevant:0 FolderPath:Lighting FolderGuid:D9E1224C415FCB205E4105B3245ADAAB
 |   |   |- Guid:9C179AFA423715E72533E7BE31C5AFCB BaseClass: NativeClass:/Script/Engine.RectLight Name:RectLight_UAID_047C161BEB92183402_1934406647 Label:RectLight2 SpatiallyLoaded:1 Bounds:IsValid=true, Min=(X=26.000 Y=-475.000 Z=-685.000), Max=(X=2026.000 Y=1525.000 Z=1315.000) RuntimeGrid:None EditorOnly:0 RuntimeOnly:0 HLODRelevant:0
 |   |   |- Guid:A5FCDC664219DC8AAD6D739ADEF9C627 BaseClass: NativeClass:/Script/Engine.PlayerStart Name:PlayerStart_0 Label:PlayerStart SpatiallyLoaded:0 Bounds:IsValid=true, Min=(X=1177.000 Y=1255.000 Z=-0.987), Max=(X=1257.000 Y=1335.000 Z=183.013) RuntimeGrid:None EditorOnly:0 RuntimeOnly:0 HLODRelevant:0
 |   |   |- Guid:A7495D03449352130FE9B5AD5A5CF27C BaseClass: NativeClass:/Script/Engine.StaticMeshActor Name:StaticMeshActor_UAID_047C161BEB92173402_2143170467 Label:Station_WALLS SpatiallyLoaded:1 Bounds:IsValid=true, Min=(X=-53.418 Y=61.002 Z=-50.000), Max=(X=1717.364 Y=1475.978 Z=327.968) RuntimeGrid:None EditorOnly:0 RuntimeOnly:0 HLODRelevant:1
 |   |   |- Guid:AB42F0F24C6CF93CE27A0EA059D807F5 BaseClass:/Game/Equipment/Fuel_Nozzle/BP_Gas_Gun.BP_Gas_Gun_C NativeClass:/Script/Engine.Actor Name:BP_Gas_Gun_C_UAID_047C161BEB921D3402_2052268523 Label:BP_Gas_Gun SpatiallyLoaded:1 Bounds:IsValid=true, Min=(X=1293.257 Y=2077.189 Z=-9.413), Max=(X=1430.887 Y=2192.705 Z=131.413) RuntimeGrid:None EditorOnly:0 RuntimeOnly:0 HLODRelevant:0
 |   |   |- Guid:B09B139B4BD78451813DA1BB573CFE6D BaseClass:/Game/Map/BP_DoorSwitch.BP_DoorSwitch_C NativeClass:/Script/Engine.Actor Name:BP_DoorSwitch_C_UAID_047C161BEB92193402_1600230835 Label:BP_DoorSwitch SpatiallyLoaded:1 Bounds:IsValid=true, Min=(X=926.186 Y=1738.342 Z=48.342), Max=(X=987.814 Y=1815.658 Z=125.658) RuntimeGrid:None EditorOnly:0 RuntimeOnly:0 HLODRelevant:0
 |   |   |- Guid:B61BEBBE4504FB5E918AF9BB12C066E2 BaseClass:/Game/Map/doors/BP_Door.BP_Door_C NativeClass:/Script/Engine.Actor Name:BP_Door_C_UAID_047C161BEB921D3402_1745143520 Label:BP_Door2 SpatiallyLoaded:1 Bounds:IsValid=true, Min=(X=1706.314 Y=1871.315 Z=-43.360), Max=(X=1715.686 Y=2092.685 Z=243.360) RuntimeGrid:None EditorOnly:0 RuntimeOnly:0 HLODRelevant:0
 |   |   |- Guid:D0546C6B42E555F0E997C1B8E9628A6A BaseClass:/Game/FirstPerson/Blueprints/BP_ComputerHandler.BP_ComputerHandler_C NativeClass:/Script/Engine.Actor Name:BP_ComputerHandler_C_UAID_047C161BEB921B3402_1373863160 Label:BP_ComputerHandler2 SpatiallyLoaded:1 Bounds:IsValid=true, Min=(X=1301.729 Y=1047.363 Z=15.745), Max=(X=1392.271 Y=1186.687 Z=113.723) RuntimeGrid:None EditorOnly:0 RuntimeOnly:0 HLODRelevant:0
 |   |   |- Guid:D53AAFCF49A050749E2DA5A9C95F25F1 BaseClass: NativeClass:/Script/Engine.RectLight Name:RectLight_UAID_047C161BEB92183402_2006482653 Label:RectLight8 SpatiallyLoaded:1 Bounds:IsValid=true, Min=(X=-234.000 Y=799.000 Z=-685.000), Max=(X=1766.000 Y=2799.000 Z=1315.000) RuntimeGrid:None EditorOnly:0 RuntimeOnly:0 HLODRelevant:0
 |   |   |- Guid:D736E17742EDDBECCDE3BF9DD921EB47 BaseClass: NativeClass:/Script/Engine.StaticMeshActor Name:StaticMeshActor_UAID_047C161BEB92173402_2143122463 Label:Station_Cube_001 SpatiallyLoaded:1 Bounds:IsValid=true, Min=(X=-46.094 Y=945.453 Z=-50.000), Max=(X=1698.491 Y=2200.600 Z=327.315) RuntimeGrid:None EditorOnly:0 RuntimeOnly:0 HLODRelevant:1
 |   |   |- Guid:E9BC54564ACE1F60E94895BBB3CAB91B BaseClass: NativeClass:/Script/Engine.StaticMeshActor Name:StaticMeshActor_UAID_047C161BEB92183402_1883338645 Label:Box2 SpatiallyLoaded:1 Bounds:IsValid=true, Min=(X=-430.000 Y=79.000 Z=320.000), Max=(X=1716.000 Y=2198.000 Z=328.000) RuntimeGrid:None EditorOnly:0 RuntimeOnly:0 HLODRelevant:0
 |   |   |- Guid:EA1AEA95435BCF27AF739397E4A75ECB BaseClass: NativeClass:/Script/Engine.StaticMeshActor Name:StaticMeshActor_UAID_047C161BEB92173402_2143110462 Label:Station_Cube SpatiallyLoaded:1 Bounds:IsValid=true, Min=(X=1695.010 Y=1474.745 Z=-51.775), Max=(X=1716.040 Y=2200.749 Z=327.760) RuntimeGrid:None EditorOnly:0 RuntimeOnly:0 HLODRelevant:1
 |   |   |- Guid:ED1B8E74471F17E87E8A4A87B5FBF87F BaseClass: NativeClass:/Script/Engine.StaticMeshActor Name:StaticMeshActor_UAID_047C161BEB92173402_2143134464 Label:Station_Cube_002 SpatiallyLoaded:1 Bounds:IsValid=true, Min=(X=984.027 Y=950.552 Z=37.463), Max=(X=1698.673 Y=1462.602 Z=45.835) RuntimeGrid:None EditorOnly:0 RuntimeOnly:0 HLODRelevant:1
 |   |   |- Guid:F42621C9454466EFCA49DAA1DFC974B6 BaseClass: NativeClass:/Script/Engine.Actor Name:Actor_UAID_F02F741DD03C9B3302_1909043631 Label:DockLocation SpatiallyLoaded:1 Bounds:IsValid=true, Min=(X=1040.000 Y=2430.000 Z=80.000), Max=(X=1040.000 Y=2430.000 Z=80.000) RuntimeGrid:None EditorOnly:0 RuntimeOnly:0 HLODRelevant:0
 |   |   |- Guid:F87DCBBB4555644A9371039AC355D128 BaseClass:/Game/Map/doors/BP_AirlockClose.BP_AirlockClose_C NativeClass:/Script/Engine.Actor Name:BP_AirlockClose_C_UAID_047C161BEB921D3402_1939184522 Label:BP_AirlockClose SpatiallyLoaded:1 Bounds:IsValid=true, Min=(X=1086.884 Y=2059.884 Z=67.884), Max=(X=1151.116 Y=2124.116 Z=132.116) RuntimeGrid:None EditorOnly:0 RuntimeOnly:0 HLODRelevant:0
 |   |   |- Guid:F91245E34CC453BE38C217AD40DB3145 BaseClass: NativeClass:/Script/Engine.RectLight Name:RectLight_UAID_047C161BEB92183402_2019279655 Label:RectLight10 SpatiallyLoaded:1 Bounds:IsValid=true, Min=(X=-765.000 Y=956.000 Z=-685.000), Max=(X=1235.000 Y=2956.000 Z=1315.000) RuntimeGrid:None EditorOnly:0 RuntimeOnly:0 HLODRelevant:0
 |   |   |- Guid:FB0C3D2448A1210017B58EAB9FF3ABF1 BaseClass: NativeClass:/Script/Engine.RectLight Name:RectLight_UAID_047C161BEB92183402_1956166650 Label:RectLight5 SpatiallyLoaded:1 Bounds:IsValid=true, Min=(X=-234.000 Y=204.000 Z=-685.000), Max=(X=1766.000 Y=2204.000 Z=1315.000) RuntimeGrid:None EditorOnly:0 RuntimeOnly:0 HLODRelevant:0
 |   |- [+] Clusters:
 |   |   |- [+] [  0]
 |   |   |   |- Guid:61D3C22F41581F1FBBE83A840606AC75 BaseClass: NativeClass:/Script/Engine.StaticMeshActor Name:StaticMeshActor_UAID_047C161BEB92173402_2143097461 Label:Station_COUNTER SpatiallyLoaded:1 Bounds:IsValid=true, Min=(X=989.637 Y=961.597 Z=-50.000), Max=(X=1696.754 Y=1456.944 Z=327.653) RuntimeGrid:None EditorOnly:0 RuntimeOnly:0 HLODRelevant:1
 |   |   |- [+] [  1]
 |   |   |   |- Guid:7B40F2AC47BCF9E5648FAAB207FED91C BaseClass:/Game/Map/Skybox/BP_SpaceSB.BP_SpaceSB_C NativeClass:/Script/Engine.Actor Name:BP_SpaceSB_C_UAID_047C161BEB921C3402_1876060337 Label:BP_SpaceSB SpatiallyLoaded:1 Bounds:IsValid=true, Min=(X=-409600000.000 Y=-409600000.000 Z=-409600000.000), Max=(X=409600000.000 Y=409600000.000 Z=409600000.000) RuntimeGrid:None EditorOnly:0 RuntimeOnly:0 HLODRelevant:0 FolderPath:Lighting FolderGuid:D9E1224C415FCB205E4105B3245ADAAB
 |   |   |- [+] [  2]
 |   |   |   |- Guid:F91245E34CC453BE38C217AD40DB3145 BaseClass: NativeClass:/Script/Engine.RectLight Name:RectLight_UAID_047C161BEB92183402_2019279655 Label:RectLight10 SpatiallyLoaded:1 Bounds:IsValid=true, Min=(X=-765.000 Y=956.000 Z=-685.000), Max=(X=1235.000 Y=2956.000 Z=1315.000) RuntimeGrid:None EditorOnly:0 RuntimeOnly:0 HLODRelevant:0
 |   |   |- [+] [  3]
 |   |   |   |- Guid:75A8775C4D6A45AA34633A9C92D3EE69 BaseClass: NativeClass:/Script/Engine.RectLight Name:RectLight_UAID_047C161BEB92183402_1946495648 Label:RectLight3 SpatiallyLoaded:1 Bounds:IsValid=true, Min=(X=-340.000 Y=-475.000 Z=-685.000), Max=(X=1660.000 Y=1525.000 Z=1315.000) RuntimeGrid:None EditorOnly:0 RuntimeOnly:0 HLODRelevant:0
 |   |   |- [+] [  4]
 |   |   |   |- Guid:8F623CE14513F3B9A56FC1B12A94E733 BaseClass: NativeClass:/Script/Engine.StaticMeshActor Name:StaticMeshActor_UAID_047C161BEB921D3402_2074172524 Label:Box5 SpatiallyLoaded:1 Bounds:IsValid=true, Min=(X=1219.000 Y=2091.000 Z=21.000), Max=(X=1497.000 Y=2211.000 Z=54.000) RuntimeGrid:None EditorOnly:0 RuntimeOnly:0 HLODRelevant:0
 |   |   |- [+] [  5]
 |   |   |   |- Guid:E9BC54564ACE1F60E94895BBB3CAB91B BaseClass: NativeClass:/Script/Engine.StaticMeshActor Name:StaticMeshActor_UAID_047C161BEB92183402_1883338645 Label:Box2 SpatiallyLoaded:1 Bounds:IsValid=true, Min=(X=-430.000 Y=79.000 Z=320.000), Max=(X=1716.000 Y=2198.000 Z=328.000) RuntimeGrid:None EditorOnly:0 RuntimeOnly:0 HLODRelevant:0
 |   |   |- [+] [  6]
 |   |   |   |- Guid:0FEB29D4424334C87CEF2D82A0075D9C BaseClass:/Game/DockLocation.DockLocation_C NativeClass:/Script/Engine.Actor Name:DockLocation_C_UAID_F02F741DD03C9C3302_1346229808 Label:DockLocation SpatiallyLoaded:1 Bounds:IsValid=true, Min=(X=1100.000 Y=2390.000 Z=110.000), Max=(X=1100.000 Y=2390.000 Z=110.000) RuntimeGrid:None EditorOnly:0 RuntimeOnly:0 HLODRelevant:0
 |   |   |- [+] [  7]
 |   |   |   |- Guid:D736E17742EDDBECCDE3BF9DD921EB47 BaseClass: NativeClass:/Script/Engine.StaticMeshActor Name:StaticMeshActor_UAID_047C161BEB92173402_2143122463 Label:Station_Cube_001 SpatiallyLoaded:1 Bounds:IsValid=true, Min=(X=-46.094 Y=945.453 Z=-50.000), Max=(X=1698.491 Y=2200.600 Z=327.315) RuntimeGrid:None EditorOnly:0 RuntimeOnly:0 HLODRelevant:1
 |   |   |- [+] [  8]
 |   |   |   |- Guid:F42621C9454466EFCA49DAA1DFC974B6 BaseClass: NativeClass:/Script/Engine.Actor Name:Actor_UAID_F02F741DD03C9B3302_1909043631 Label:DockLocation SpatiallyLoaded:1 Bounds:IsValid=true, Min=(X=1040.000 Y=2430.000 Z=80.000), Max=(X=1040.000 Y=2430.000 Z=80.000) RuntimeGrid:None EditorOnly:0 RuntimeOnly:0 HLODRelevant:0
 |   |   |- [+] [  9]
 |   |   |   |- Guid:43F56B4E45EAF479ED28198C432377D7 BaseClass: NativeClass:/Script/Engine.RectLight Name:RectLight_UAID_047C161BEB92183402_1971896651 Label:RectLight6 SpatiallyLoaded:1 Bounds:IsValid=true, Min=(X=386.000 Y=226.000 Z=-685.000), Max=(X=2386.000 Y=2226.000 Z=1315.000) RuntimeGrid:None EditorOnly:0 RuntimeOnly:0 HLODRelevant:0
 |   |   |- [+] [ 10]
 |   |   |   |- Guid:1F42CDDE4925A6F616BA86B1A8BF8110 BaseClass: NativeClass:/Script/Engine.StaticMeshActor Name:StaticMeshActor_UAID_047C161BEB921D3402_1553080514 Label:Box3 SpatiallyLoaded:1 Bounds:IsValid=true, Min=(X=1497.000 Y=2091.000 Z=-43.000), Max=(X=1695.000 Y=2191.000 Z=280.000) RuntimeGrid:None EditorOnly:0 RuntimeOnly:0 HLODRelevant:0
 |   |   |- [+] [ 11]
 |   |   |   |- Guid:9C179AFA423715E72533E7BE31C5AFCB BaseClass: NativeClass:/Script/Engine.RectLight Name:RectLight_UAID_047C161BEB92183402_1934406647 Label:RectLight2 SpatiallyLoaded:1 Bounds:IsValid=true, Min=(X=26.000 Y=-475.000 Z=-685.000), Max=(X=2026.000 Y=1525.000 Z=1315.000) RuntimeGrid:None EditorOnly:0 RuntimeOnly:0 HLODRelevant:0
 |   |   |- [+] [ 12]
 |   |   |   |- Guid:3B12E7D041985D4EBB96FC91E2062A49 BaseClass: NativeClass:/Script/Engine.RectLight Name:RectLight_UAID_047C161BEB92183402_2144026656 Label:RectLight11 SpatiallyLoaded:1 Bounds:IsValid=true, Min=(X=456.000 Y=984.000 Z=-717.000), Max=(X=2456.000 Y=2984.000 Z=1283.000) RuntimeGrid:None EditorOnly:0 RuntimeOnly:0 HLODRelevant:0
 |   |   |- [+] [ 13]
 |   |   |   |- Guid:75CCB09C43B484931F9D2D8B79CFA67B BaseClass:/Game/BP_GM.BP_GM_C NativeClass:/Script/john_Diesel.GameManager Name:BP_GM_C_UAID_F02F741DD03C9A3302_1817702455 Label:BP_GM SpatiallyLoaded:1 Bounds:IsValid=true, Min=(X=0.000 Y=0.000 Z=0.000), Max=(X=0.000 Y=0.000 Z=0.000) RuntimeGrid:None EditorOnly:0 RuntimeOnly:0 HLODRelevant:0
 |   |   |- [+] [ 14]
 |   |   |   |- Guid:AB42F0F24C6CF93CE27A0EA059D807F5 BaseClass:/Game/Equipment/Fuel_Nozzle/BP_Gas_Gun.BP_Gas_Gun_C NativeClass:/Script/Engine.Actor Name:BP_Gas_Gun_C_UAID_047C161BEB921D3402_2052268523 Label:BP_Gas_Gun SpatiallyLoaded:1 Bounds:IsValid=true, Min=(X=1293.257 Y=2077.189 Z=-9.413), Max=(X=1430.887 Y=2192.705 Z=131.413) RuntimeGrid:None EditorOnly:0 RuntimeOnly:0 HLODRelevant:0
 |   |   |- [+] [ 15]
 |   |   |   |- Guid:554C8FAB4465389C510DB7A68ECC6628 BaseClass: NativeClass:/Script/Engine.StaticMeshActor Name:StaticMeshActor_UAID_047C161BEB92173402_2143146465 Label:Station_Cylinder SpatiallyLoaded:1 Bounds:IsValid=true, Min=(X=995.464 Y=1763.899 Z=-69.575), Max=(X=1708.288 Y=2201.321 Z=327.607) RuntimeGrid:None EditorOnly:0 RuntimeOnly:0 HLODRelevant:1
 |   |   |- [+] [ 16]
 |   |   |   |- Guid:2A28E1C44696A580D6F5EA9515209CB6 BaseClass: NativeClass:/Script/Engine.RectLight Name:RectLight_UAID_047C161BEB92183402_1946497649 Label:RectLight4 SpatiallyLoaded:1 Bounds:IsValid=true, Min=(X=-747.000 Y=-475.000 Z=-685.000), Max=(X=1253.000 Y=1525.000 Z=1315.000) RuntimeGrid:None EditorOnly:0 RuntimeOnly:0 HLODRelevant:0
 |   |   |- [+] [ 17]
 |   |   |   |- Guid:A7495D03449352130FE9B5AD5A5CF27C BaseClass: NativeClass:/Script/Engine.StaticMeshActor Name:StaticMeshActor_UAID_047C161BEB92173402_2143170467 Label:Station_WALLS SpatiallyLoaded:1 Bounds:IsValid=true, Min=(X=-53.418 Y=61.002 Z=-50.000), Max=(X=1717.364 Y=1475.978 Z=327.968) RuntimeGrid:None EditorOnly:0 RuntimeOnly:0 HLODRelevant:1
 |   |   |- [+] [ 18]
 |   |   |   |- Guid:FB0C3D2448A1210017B58EAB9FF3ABF1 BaseClass: NativeClass:/Script/Engine.RectLight Name:RectLight_UAID_047C161BEB92183402_1956166650 Label:RectLight5 SpatiallyLoaded:1 Bounds:IsValid=true, Min=(X=-234.000 Y=204.000 Z=-685.000), Max=(X=1766.000 Y=2204.000 Z=1315.000) RuntimeGrid:None EditorOnly:0 RuntimeOnly:0 HLODRelevant:0
 |   |   |- [+] [ 19]
 |   |   |   |- Guid:6B67D48E49ADF340157D5FB63A6D3C97 BaseClass: NativeClass:/Script/Engine.RectLight Name:RectLight_UAID_047C161BEB92183402_2014435654 Label:RectLight9 SpatiallyLoaded:1 Bounds:IsValid=true, Min=(X=-765.000 Y=682.000 Z=-685.000), Max=(X=1235.000 Y=2682.000 Z=1315.000) RuntimeGrid:None EditorOnly:0 RuntimeOnly:0 HLODRelevant:0
 |   |   |- [+] [ 20]
 |   |   |   |- Guid:A5FCDC664219DC8AAD6D739ADEF9C627 BaseClass: NativeClass:/Script/Engine.PlayerStart Name:PlayerStart_0 Label:PlayerStart SpatiallyLoaded:0 Bounds:IsValid=true, Min=(X=1177.000 Y=1255.000 Z=-0.987), Max=(X=1257.000 Y=1335.000 Z=183.013) RuntimeGrid:None EditorOnly:0 RuntimeOnly:0 HLODRelevant:0
 |   |   |- [+] [ 21]
 |   |   |   |- Guid:3DB4BAA3477236C5AB6467A72B667A31 BaseClass:/Game/FirstPerson/Blueprints/AirLock.AirLock_C NativeClass:/Script/Engine.Actor Name:AirLock_C_UAID_F02F741DD03C913302_1414568883 Label:AirLock SpatiallyLoaded:1 Bounds:IsValid=true, Min=(X=1712.066 Y=1869.887 Z=-55.590), Max=(X=1737.934 Y=2088.113 Z=315.590) RuntimeGrid:None EditorOnly:0 RuntimeOnly:0 HLODRelevant:0
 |   |   |- [+] [ 22]
 |   |   |   |- Guid:6168B9724B8BA522D5E258913FFD5B84 BaseClass: NativeClass:/Script/Engine.StaticMeshActor Name:StaticMeshActor_UAID_047C161BEB92183402_1705974644 Label:Box SpatiallyLoaded:1 Bounds:IsValid=true, Min=(X=-430.000 Y=79.000 Z=-50.000), Max=(X=1716.000 Y=2198.000 Z=-42.000) RuntimeGrid:None EditorOnly:0 RuntimeOnly:0 HLODRelevant:0
 |   |   |- [+] [ 23]
 |   |   |   |- Guid:EA1AEA95435BCF27AF739397E4A75ECB BaseClass: NativeClass:/Script/Engine.StaticMeshActor Name:StaticMeshActor_UAID_047C161BEB92173402_2143110462 Label:Station_Cube SpatiallyLoaded:1 Bounds:IsValid=true, Min=(X=1695.010 Y=1474.745 Z=-51.775), Max=(X=1716.040 Y=2200.749 Z=327.760) RuntimeGrid:None EditorOnly:0 RuntimeOnly:0 HLODRelevant:1
 |   |   |- [+] [ 24]
 |   |   |   |- Guid:1C75C48443F10A5810B17DA3BF1893DD BaseClass: NativeClass:/Script/Engine.RectLight Name:RectLight_UAID_047C161BEB92183402_1900076646 Label:RectLight SpatiallyLoaded:1 Bounds:IsValid=true, Min=(X=433.000 Y=-475.000 Z=-685.000), Max=(X=2433.000 Y=1525.000 Z=1315.000) RuntimeGrid:None EditorOnly:0 RuntimeOnly:0 HLODRelevant:0
 |   |   |- [+] [ 25]
 |   |   |   |- Guid:97FF78FB4EC8F13EF6751DB180B1CE46 BaseClass: NativeClass:/Script/Engine.DirectionalLight Name:DirectionalLight_0 Label:DirectionalLight SpatiallyLoaded:0 Bounds:IsValid=true, Min=(X=-4398046511104.000 Y=-4398046511104.000 Z=-4398046511104.000), Max=(X=4398046511104.000 Y=4398046511104.000 Z=4398046511104.000) RuntimeGrid:None EditorOnly:0 RuntimeOnly:0 HLODRelevant:0 FolderPath:Lighting FolderGuid:D9E1224C415FCB205E4105B3245ADAAB
 |   |   |- [+] [ 26]
 |   |   |   |- Guid:D53AAFCF49A050749E2DA5A9C95F25F1 BaseClass: NativeClass:/Script/Engine.RectLight Name:RectLight_UAID_047C161BEB92183402_2006482653 Label:RectLight8 SpatiallyLoaded:1 Bounds:IsValid=true, Min=(X=-234.000 Y=799.000 Z=-685.000), Max=(X=1766.000 Y=2799.000 Z=1315.000) RuntimeGrid:None EditorOnly:0 RuntimeOnly:0 HLODRelevant:0
 |   |   |- [+] [ 27]
 |   |   |   |- Guid:ED1B8E74471F17E87E8A4A87B5FBF87F BaseClass: NativeClass:/Script/Engine.StaticMeshActor Name:StaticMeshActor_UAID_047C161BEB92173402_2143134464 Label:Station_Cube_002 SpatiallyLoaded:1 Bounds:IsValid=true, Min=(X=984.027 Y=950.552 Z=37.463), Max=(X=1698.673 Y=1462.602 Z=45.835) RuntimeGrid:None EditorOnly:0 RuntimeOnly:0 HLODRelevant:1
 |   |   |- [+] [ 28]
 |   |   |   |- Guid:644EB63F4A4223E52C1DB7B8F75B82A8 BaseClass: NativeClass:/Script/Engine.RectLight Name:RectLight_UAID_047C161BEB92183402_1981174652 Label:RectLight7 SpatiallyLoaded:1 Bounds:IsValid=true, Min=(X=-765.000 Y=112.000 Z=-685.000), Max=(X=1235.000 Y=2112.000 Z=1315.000) RuntimeGrid:None EditorOnly:0 RuntimeOnly:0 HLODRelevant:0
 |   |   |- [+] [ 29]
 |   |   |   |- Guid:22C4F1724348A3818BBA0A939CA01B63 BaseClass: NativeClass:/Script/Engine.WorldDataLayers Name:WorldDataLayers Label:WorldDataLayers-1 SpatiallyLoaded:0 Bounds:IsValid=true, Min=(X=0.000 Y=0.000 Z=0.000), Max=(X=0.000 Y=0.000 Z=0.000) RuntimeGrid:None EditorOnly:0 RuntimeOnly:0 HLODRelevant:0
 |   |   |- [+] [ 30]
 |   |   |   |- Guid:4B57DF6E4D9ED5D23A5960A5FEF8BF75 BaseClass: NativeClass:/Script/Engine.RectLight Name:RectLight_UAID_047C161BEB92193402_1127735833 Label:RectLight12 SpatiallyLoaded:1 Bounds:IsValid=true, Min=(X=-1231.000 Y=-643.000 Z=-719.000), Max=(X=769.000 Y=1357.000 Z=1281.000) RuntimeGrid:None EditorOnly:0 RuntimeOnly:0 HLODRelevant:0
 |   |   |- [+] [ 31]
 |   |   |   |- Guid:7F1F7F924BE36B9A388F528029FBC2B1 BaseClass: NativeClass:/Script/Engine.StaticMeshActor Name:StaticMeshActor_UAID_047C161BEB921D3402_1581583515 Label:Box4 SpatiallyLoaded:1 Bounds:IsValid=true, Min=(X=996.000 Y=2091.000 Z=-49.000), Max=(X=1220.000 Y=2190.000 Z=291.000) RuntimeGrid:None EditorOnly:0 RuntimeOnly:0 HLODRelevant:0
 |   |   |- [+] [ 32]
 |   |   |   |- Guid:6456ADDD428A590141FABFB9484712AA BaseClass: NativeClass:/Script/Engine.PostProcessVolume Name:PostProcessVolume_0 Label:PostProcessVolume SpatiallyLoaded:0 Bounds:IsValid=true, Min=(X=0.000 Y=0.000 Z=400.000), Max=(X=200.000 Y=200.000 Z=600.000) RuntimeGrid:None EditorOnly:0 RuntimeOnly:0 HLODRelevant:0 FolderPath:Lighting FolderGuid:D9E1224C415FCB205E4105B3245ADAAB
 |   |   |- [+] [ 33]
 |   |   |   |- Guid:1DF4766446AB0760AE18ADA1B19BFC18 BaseClass: NativeClass:/Script/Engine.StaticMeshActor Name:StaticMeshActor_UAID_047C161BEB92173402_2143158466 Label:Station_Cylinder_001 SpatiallyLoaded:1 Bounds:IsValid=true, Min=(X=-430.220 Y=136.809 Z=-69.575), Max=(X=-34.929 Y=577.401 Z=327.760) RuntimeGrid:None EditorOnly:0 RuntimeOnly:0 HLODRelevant:1
 |   |   |- [+] [ 34]
 |   |   |   |- Guid:D0546C6B42E555F0E997C1B8E9628A6A BaseClass:/Game/FirstPerson/Blueprints/BP_ComputerHandler.BP_ComputerHandler_C NativeClass:/Script/Engine.Actor Name:BP_ComputerHandler_C_UAID_047C161BEB921B3402_1373863160 Label:BP_ComputerHandler2 SpatiallyLoaded:1 Bounds:IsValid=true, Min=(X=1301.729 Y=1047.363 Z=15.745), Max=(X=1392.271 Y=1186.687 Z=113.723) RuntimeGrid:None EditorOnly:0 RuntimeOnly:0 HLODRelevant:0
 |   |   |- [+] [ 35]
 |   |   |   |- Guid:F87DCBBB4555644A9371039AC355D128 BaseClass:/Game/Map/doors/BP_AirlockClose.BP_AirlockClose_C NativeClass:/Script/Engine.Actor Name:BP_AirlockClose_C_UAID_047C161BEB921D3402_1939184522 Label:BP_AirlockClose SpatiallyLoaded:1 Bounds:IsValid=true, Min=(X=1086.884 Y=2059.884 Z=67.884), Max=(X=1151.116 Y=2124.116 Z=132.116) RuntimeGrid:None EditorOnly:0 RuntimeOnly:0 HLODRelevant:0
 |   |   |   |- Guid:B09B139B4BD78451813DA1BB573CFE6D BaseClass:/Game/Map/BP_DoorSwitch.BP_DoorSwitch_C NativeClass:/Script/Engine.Actor Name:BP_DoorSwitch_C_UAID_047C161BEB92193402_1600230835 Label:BP_DoorSwitch SpatiallyLoaded:1 Bounds:IsValid=true, Min=(X=926.186 Y=1738.342 Z=48.342), Max=(X=987.814 Y=1815.658 Z=125.658) RuntimeGrid:None EditorOnly:0 RuntimeOnly:0 HLODRelevant:0
 |   |   |   |- Guid:82873F974D3E93CCDDBD22AC9D168FCE BaseClass:/Game/Map/doors/BP_Door.BP_Door_C NativeClass:/Script/Engine.Actor Name:BP_Door_C_UAID_047C161BEB92193402_1269328834 Label:BP_Door SpatiallyLoaded:1 Bounds:IsValid=true, Min=(X=966.314 Y=1871.315 Z=-43.360), Max=(X=975.686 Y=2092.685 Z=243.360) RuntimeGrid:None EditorOnly:0 RuntimeOnly:0 HLODRelevant:0
 |   |   |- [+] [ 36]
 |   |   |   |- Guid:55FDBDDC4E7D3E11CB7A93851CCCBDF1 BaseClass:/Game/Map/doors/airlock/BP_AirlockOpen.BP_AirlockOpen_C NativeClass:/Script/Engine.Actor Name:BP_AirlockOpen_C_UAID_047C161BEB921D3402_1860324521 Label:BP_AirlockOpen SpatiallyLoaded:1 Bounds:IsValid=true, Min=(X=1560.253 Y=2059.463 Z=76.253), Max=(X=1615.747 Y=2148.537 Z=131.747) RuntimeGrid:None EditorOnly:0 RuntimeOnly:0 HLODRelevant:0
 |   |   |   |- Guid:B61BEBBE4504FB5E918AF9BB12C066E2 BaseClass:/Game/Map/doors/BP_Door.BP_Door_C NativeClass:/Script/Engine.Actor Name:BP_Door_C_UAID_047C161BEB921D3402_1745143520 Label:BP_Door2 SpatiallyLoaded:1 Bounds:IsValid=true, Min=(X=1706.314 Y=1871.315 Z=-43.360), Max=(X=1715.686 Y=2092.685 Z=243.360) RuntimeGrid:None EditorOnly:0 RuntimeOnly:0 HLODRelevant:0
 |- ContainerInstances:
 |- [+] MainContainer:
 |   |-        ID: 0x0000000000000000
 |   |-    Bounds: IsValid=false, Min=(X=0.000 Y=0.000 Z=0.000), Max=(X=0.000 Y=0.000 Z=0.000)
 |   |- Transform: 0.000000,0.000000,0.000000|0.000000,0.000000,-0.000000|1.000000,1.000000,1.000000
 |   |- Container: /Game/FirstPerson/Maps/FirstPersonMap
----------------------------------------------------------------------------------------------------------------
FirstPersonMap - Persistent Level
----------------------------------------------------------------------------------------------------------------
Always loaded Actor Count: 52 

----------------------------------------------------------------------------------------------------------------
FirstPersonMap - Runtime Spatial Hash - Streaming Grid - MainGrid
----------------------------------------------------------------------------------------------------------------
            Origin: X=0.000 Y=0.000 Z=0.000
         Cell Size: 12800
      World Bounds: IsValid=false, Min=(X=0.000 Y=0.000 Z=0.000), Max=(X=0.000 Y=0.000 Z=0.000)
     Loading Range: 25600.00
Block Slow Loading: No
 ClientOnlyVisible: No

[+] Grid Levels: 1
 |- Level  0: Cell Count    0 | Cell Size   12800 | Actor Count    0 (0.0%)

[+] Content of Grid Level 0

