[+] Containers:
 |- [+] Container: /Game/FirstPerson/Maps/FirstPersonMap
 |   |- [+] ActorDescs:
 |   |   |- Guid:05ADD8ED4E0C90D4F3C984969031EB81 BaseClass: NativeClass:/Script/Engine.StaticMeshActor Name:StaticMeshActor_UAID_F02F741DD03C913302_1077559878 Label:Cube7 SpatiallyLoaded:1 Bounds:IsValid=true, Min=(X=-357.500 Y=1880.000 Z=20.000), Max=(X=517.500 Y=1980.000 Z=620.000) RuntimeGrid:None EditorOnly:0 RuntimeOnly:0 HLODRelevant:1
 |   |   |- Guid:0FEB29D4424334C87CEF2D82A0075D9C BaseClass:/Game/DockLocation.DockLocation_C NativeClass:/Script/Engine.Actor Name:DockLocation_C_UAID_F02F741DD03C9C3302_1346229808 Label:DockLocation SpatiallyLoaded:1 Bounds:IsValid=true, Min=(X=1100.000 Y=2390.000 Z=110.000), Max=(X=1100.000 Y=2390.000 Z=110.000) RuntimeGrid:None EditorOnly:0 RuntimeOnly:0 HLODRelevant:0
 |   |   |- Guid:13F40C7241F9A80D3E971DBC21FCAFB0 BaseClass: NativeClass:/Script/Engine.SkyAtmosphere Name:SkyAtmosphere_0 Label:SkyAtmosphere SpatiallyLoaded:0 Bounds:IsValid=true, Min=(X=0.000 Y=0.000 Z=1020.000), Max=(X=0.000 Y=0.000 Z=1020.000) RuntimeGrid:None EditorOnly:0 RuntimeOnly:0 HLODRelevant:0 FolderPath:Lighting FolderGuid:D9E1224C415FCB205E4105B3245ADAAB
 |   |   |- Guid:22C4F1724348A3818BBA0A939CA01B63 BaseClass: NativeClass:/Script/Engine.WorldDataLayers Name:WorldDataLayers Label:WorldDataLayers-1 SpatiallyLoaded:0 Bounds:IsValid=true, Min=(X=0.000 Y=0.000 Z=0.000), Max=(X=0.000 Y=0.000 Z=0.000) RuntimeGrid:None EditorOnly:0 RuntimeOnly:0 HLODRelevant:0
 |   |   |- Guid:37A805FA44099979D59FFFA8A525C41B BaseClass: NativeClass:/Script/Engine.StaticMeshActor Name:StaticMeshActor_UAID_F02F741DD03C903302_2032522696 Label:Cube2 SpatiallyLoaded:1 Bounds:IsValid=true, Min=(X=-360.000 Y=-310.000 Z=-155.000), Max=(X=2540.000 Y=-210.000 Z=695.000) RuntimeGrid:None EditorOnly:0 RuntimeOnly:0 HLODRelevant:1
 |   |   |- Guid:3DB4BAA3477236C5AB6467A72B667A31 BaseClass:/Game/FirstPerson/Blueprints/AirLock.AirLock_C NativeClass:/Script/Engine.Actor Name:AirLock_C_UAID_F02F741DD03C913302_1414568883 Label:AirLock SpatiallyLoaded:1 Bounds:IsValid=true, Min=(X=-332.000 Y=656.000 Z=-22.000), Max=(X=-268.000 Y=944.000 Z=282.000) RuntimeGrid:None EditorOnly:0 RuntimeOnly:0 HLODRelevant:0
 |   |   |- Guid:4CF278F04FBE18BB637202B5CCDDDCA3 BaseClass: NativeClass:/Script/Engine.StaticMeshActor Name:StaticMeshActor_UAID_F02F741DD03C913302_1092871879 Label:Cube8 SpatiallyLoaded:1 Bounds:IsValid=true, Min=(X=527.500 Y=1880.000 Z=35.000), Max=(X=1652.500 Y=1980.000 Z=585.000) RuntimeGrid:None EditorOnly:0 RuntimeOnly:0 HLODRelevant:1
 |   |   |- Guid:5115AFEB490213220A26E5A3C315F518 BaseClass: NativeClass:/Script/Engine.StaticMeshActor Name:StaticMeshActor_UAID_F02F741DD03C903302_2009925695 Label:Cube SpatiallyLoaded:1 Bounds:IsValid=true, Min=(X=-360.000 Y=-277.500 Z=-150.000), Max=(X=2540.000 Y=1897.500 Z=-50.000) RuntimeGrid:None EditorOnly:0 RuntimeOnly:0 HLODRelevant:1
 |   |   |- Guid:615C5D524E4CB28BA952B08D37B3CEA0 BaseClass: NativeClass:/Script/Engine.StaticMeshActor Name:StaticMeshActor_UAID_F02F741DD03C903302_2058450697 Label:Cube3 SpatiallyLoaded:1 Bounds:IsValid=true, Min=(X=2520.000 Y=-317.500 Z=-155.000), Max=(X=2620.000 Y=1957.500 Z=695.000) RuntimeGrid:None EditorOnly:0 RuntimeOnly:0 HLODRelevant:1
 |   |   |- Guid:616554B84D9AF28DF69ABD8837FD26D7 BaseClass: NativeClass:/Script/Engine.ExponentialHeightFog Name:ExponentialHeightFog_0 Label:ExponentialHeightFog SpatiallyLoaded:0 Bounds:IsValid=true, Min=(X=-5600.000 Y=-50.000 Z=-6850.000), Max=(X=-5600.000 Y=-50.000 Z=-6850.000) RuntimeGrid:None EditorOnly:0 RuntimeOnly:0 HLODRelevant:0 FolderPath:Lighting FolderGuid:D9E1224C415FCB205E4105B3245ADAAB
 |   |   |- Guid:6456ADDD428A590141FABFB9484712AA BaseClass: NativeClass:/Script/Engine.PostProcessVolume Name:PostProcessVolume_0 Label:PostProcessVolume SpatiallyLoaded:0 Bounds:IsValid=true, Min=(X=0.000 Y=0.000 Z=400.000), Max=(X=200.000 Y=200.000 Z=600.000) RuntimeGrid:None EditorOnly:0 RuntimeOnly:0 HLODRelevant:0 FolderPath:Lighting FolderGuid:D9E1224C415FCB205E4105B3245ADAAB
 |   |   |- Guid:66235455402AC553540AB6BA3BE70E49 BaseClass: NativeClass:/Script/Engine.StaticMeshActor Name:StaticMeshActor_UAID_F02F741DD03C913302_1173050882 Label:Cube11 SpatiallyLoaded:1 Bounds:IsValid=true, Min=(X=-380.000 Y=-270.000 Z=-85.000), Max=(X=-280.000 Y=630.000 Z=565.000) RuntimeGrid:None EditorOnly:0 RuntimeOnly:0 HLODRelevant:1
 |   |   |- Guid:6A475B0A42E058A94543FFB6AD7F6437 BaseClass: NativeClass:/Script/Engine.StaticMeshActor Name:StaticMeshActor_UAID_F02F741DD03C903302_2101044699 Label:Cube4 SpatiallyLoaded:1 Bounds:IsValid=true, Min=(X=-360.000 Y=1880.000 Z=-92.500), Max=(X=2540.000 Y=1980.000 Z=32.500) RuntimeGrid:None EditorOnly:0 RuntimeOnly:0 HLODRelevant:1
 |   |   |- Guid:715275674E89560C8C7D509CB20B7B7D BaseClass: NativeClass:/Script/Engine.StaticMeshActor Name:StaticMeshActor_UAID_F02F741DD03C903302_2134558701 Label:Cube6 SpatiallyLoaded:1 Bounds:IsValid=true, Min=(X=1652.500 Y=1880.000 Z=20.000), Max=(X=2527.500 Y=1980.000 Z=620.000) RuntimeGrid:None EditorOnly:0 RuntimeOnly:0 HLODRelevant:1
 |   |   |- Guid:75CCB09C43B484931F9D2D8B79CFA67B BaseClass:/Game/BP_GM.BP_GM_C NativeClass:/Script/john_Diesel.GameManager Name:BP_GM_C_UAID_F02F741DD03C9A3302_1817702455 Label:BP_GM SpatiallyLoaded:1 Bounds:IsValid=true, Min=(X=0.000 Y=0.000 Z=0.000), Max=(X=0.000 Y=0.000 Z=0.000) RuntimeGrid:None EditorOnly:0 RuntimeOnly:0 HLODRelevant:0
 |   |   |- Guid:7856EF8E4C72044A88371498A8C9DBD5 BaseClass: NativeClass:/Script/Engine.StaticMeshActor Name:StaticMeshActor_UAID_F02F741DD03C913302_1137150880 Label:Cube9 SpatiallyLoaded:1 Bounds:IsValid=true, Min=(X=-380.000 Y=-317.500 Z=310.000), Max=(X=-280.000 Y=1957.500 Z=710.000) RuntimeGrid:None EditorOnly:0 RuntimeOnly:0 HLODRelevant:1
 |   |   |- Guid:7A699BF944F9DAC273FB4FAD2236D7F8 BaseClass: NativeClass:/Script/Engine.SkyLight Name:SkyLight_0 Label:SkyLight SpatiallyLoaded:0 Bounds:IsValid=true, Min=(X=0.000 Y=0.000 Z=690.000), Max=(X=0.000 Y=0.000 Z=690.000) RuntimeGrid:None EditorOnly:0 RuntimeOnly:0 HLODRelevant:0 FolderPath:Lighting FolderGuid:D9E1224C415FCB205E4105B3245ADAAB
 |   |   |- Guid:97FF78FB4EC8F13EF6751DB180B1CE46 BaseClass: NativeClass:/Script/Engine.DirectionalLight Name:DirectionalLight_0 Label:DirectionalLight SpatiallyLoaded:0 Bounds:IsValid=true, Min=(X=-1048576.000 Y=-1048576.000 Z=-1048576.000), Max=(X=1048576.000 Y=1048576.000 Z=1048576.000) RuntimeGrid:None EditorOnly:0 RuntimeOnly:0 HLODRelevant:0 FolderPath:Lighting FolderGuid:D9E1224C415FCB205E4105B3245ADAAB
 |   |   |- Guid:9E2D1CDD4B2D877DE20DA789849D2534 BaseClass: NativeClass:/Script/Engine.StaticMeshActor Name:StaticMeshActor_UAID_F02F741DD03C913302_1162573881 Label:Cube10 SpatiallyLoaded:1 Bounds:IsValid=true, Min=(X=-380.000 Y=980.000 Z=-85.000), Max=(X=-280.000 Y=1880.000 Z=565.000) RuntimeGrid:None EditorOnly:0 RuntimeOnly:0 HLODRelevant:1
 |   |   |- Guid:A5FCDC664219DC8AAD6D739ADEF9C627 BaseClass: NativeClass:/Script/Engine.PlayerStart Name:PlayerStart_0 Label:PlayerStart SpatiallyLoaded:0 Bounds:IsValid=true, Min=(X=860.000 Y=810.000 Z=0.013), Max=(X=940.000 Y=890.000 Z=184.013) RuntimeGrid:None EditorOnly:0 RuntimeOnly:0 HLODRelevant:0
 |   |   |- Guid:B326783D46A6A43F55CCC9AB2A4C1863 BaseClass: NativeClass:/Script/Engine.VolumetricCloud Name:VolumetricCloud_0 Label:VolumetricCloud SpatiallyLoaded:0 Bounds:IsValid=true, Min=(X=0.000 Y=0.000 Z=820.000), Max=(X=0.000 Y=0.000 Z=820.000) RuntimeGrid:None EditorOnly:0 RuntimeOnly:0 HLODRelevant:0 FolderPath:Lighting FolderGuid:D9E1224C415FCB205E4105B3245ADAAB
 |   |   |- Guid:C1BCDA1A40224D5966CB23BF7E8B6FA1 BaseClass: NativeClass:/Script/Engine.StaticMeshActor Name:StaticMeshActor_UAID_F02F741DD03C903302_2126936700 Label:Cube5 SpatiallyLoaded:1 Bounds:IsValid=true, Min=(X=-360.000 Y=1880.000 Z=577.500), Max=(X=2540.000 Y=1980.000 Z=702.500) RuntimeGrid:None EditorOnly:0 RuntimeOnly:0 HLODRelevant:1
 |   |   |- Guid:F42621C9454466EFCA49DAA1DFC974B6 BaseClass: NativeClass:/Script/Engine.Actor Name:Actor_UAID_F02F741DD03C9B3302_1909043631 Label:DockLocation SpatiallyLoaded:1 Bounds:IsValid=true, Min=(X=1040.000 Y=2430.000 Z=80.000), Max=(X=1040.000 Y=2430.000 Z=80.000) RuntimeGrid:None EditorOnly:0 RuntimeOnly:0 HLODRelevant:0
 |   |- [+] Clusters:
 |   |   |- [+] [  0]
 |   |   |   |- Guid:4CF278F04FBE18BB637202B5CCDDDCA3 BaseClass: NativeClass:/Script/Engine.StaticMeshActor Name:StaticMeshActor_UAID_F02F741DD03C913302_1092871879 Label:Cube8 SpatiallyLoaded:1 Bounds:IsValid=true, Min=(X=527.500 Y=1880.000 Z=35.000), Max=(X=1652.500 Y=1980.000 Z=585.000) RuntimeGrid:None EditorOnly:0 RuntimeOnly:0 HLODRelevant:1
 |   |   |- [+] [  1]
 |   |   |   |- Guid:6A475B0A42E058A94543FFB6AD7F6437 BaseClass: NativeClass:/Script/Engine.StaticMeshActor Name:StaticMeshActor_UAID_F02F741DD03C903302_2101044699 Label:Cube4 SpatiallyLoaded:1 Bounds:IsValid=true, Min=(X=-360.000 Y=1880.000 Z=-92.500), Max=(X=2540.000 Y=1980.000 Z=32.500) RuntimeGrid:None EditorOnly:0 RuntimeOnly:0 HLODRelevant:1
 |   |   |- [+] [  2]
 |   |   |   |- Guid:616554B84D9AF28DF69ABD8837FD26D7 BaseClass: NativeClass:/Script/Engine.ExponentialHeightFog Name:ExponentialHeightFog_0 Label:ExponentialHeightFog SpatiallyLoaded:0 Bounds:IsValid=true, Min=(X=-5600.000 Y=-50.000 Z=-6850.000), Max=(X=-5600.000 Y=-50.000 Z=-6850.000) RuntimeGrid:None EditorOnly:0 RuntimeOnly:0 HLODRelevant:0 FolderPath:Lighting FolderGuid:D9E1224C415FCB205E4105B3245ADAAB
 |   |   |- [+] [  3]
 |   |   |   |- Guid:B326783D46A6A43F55CCC9AB2A4C1863 BaseClass: NativeClass:/Script/Engine.VolumetricCloud Name:VolumetricCloud_0 Label:VolumetricCloud SpatiallyLoaded:0 Bounds:IsValid=true, Min=(X=0.000 Y=0.000 Z=820.000), Max=(X=0.000 Y=0.000 Z=820.000) RuntimeGrid:None EditorOnly:0 RuntimeOnly:0 HLODRelevant:0 FolderPath:Lighting FolderGuid:D9E1224C415FCB205E4105B3245ADAAB
 |   |   |- [+] [  4]
 |   |   |   |- Guid:66235455402AC553540AB6BA3BE70E49 BaseClass: NativeClass:/Script/Engine.StaticMeshActor Name:StaticMeshActor_UAID_F02F741DD03C913302_1173050882 Label:Cube11 SpatiallyLoaded:1 Bounds:IsValid=true, Min=(X=-380.000 Y=-270.000 Z=-85.000), Max=(X=-280.000 Y=630.000 Z=565.000) RuntimeGrid:None EditorOnly:0 RuntimeOnly:0 HLODRelevant:1
 |   |   |- [+] [  5]
 |   |   |   |- Guid:7856EF8E4C72044A88371498A8C9DBD5 BaseClass: NativeClass:/Script/Engine.StaticMeshActor Name:StaticMeshActor_UAID_F02F741DD03C913302_1137150880 Label:Cube9 SpatiallyLoaded:1 Bounds:IsValid=true, Min=(X=-380.000 Y=-317.500 Z=310.000), Max=(X=-280.000 Y=1957.500 Z=710.000) RuntimeGrid:None EditorOnly:0 RuntimeOnly:0 HLODRelevant:1
 |   |   |- [+] [  6]
 |   |   |   |- Guid:0FEB29D4424334C87CEF2D82A0075D9C BaseClass:/Game/DockLocation.DockLocation_C NativeClass:/Script/Engine.Actor Name:DockLocation_C_UAID_F02F741DD03C9C3302_1346229808 Label:DockLocation SpatiallyLoaded:1 Bounds:IsValid=true, Min=(X=1100.000 Y=2390.000 Z=110.000), Max=(X=1100.000 Y=2390.000 Z=110.000) RuntimeGrid:None EditorOnly:0 RuntimeOnly:0 HLODRelevant:0
 |   |   |- [+] [  7]
 |   |   |   |- Guid:37A805FA44099979D59FFFA8A525C41B BaseClass: NativeClass:/Script/Engine.StaticMeshActor Name:StaticMeshActor_UAID_F02F741DD03C903302_2032522696 Label:Cube2 SpatiallyLoaded:1 Bounds:IsValid=true, Min=(X=-360.000 Y=-310.000 Z=-155.000), Max=(X=2540.000 Y=-210.000 Z=695.000) RuntimeGrid:None EditorOnly:0 RuntimeOnly:0 HLODRelevant:1
 |   |   |- [+] [  8]
 |   |   |   |- Guid:F42621C9454466EFCA49DAA1DFC974B6 BaseClass: NativeClass:/Script/Engine.Actor Name:Actor_UAID_F02F741DD03C9B3302_1909043631 Label:DockLocation SpatiallyLoaded:1 Bounds:IsValid=true, Min=(X=1040.000 Y=2430.000 Z=80.000), Max=(X=1040.000 Y=2430.000 Z=80.000) RuntimeGrid:None EditorOnly:0 RuntimeOnly:0 HLODRelevant:0
 |   |   |- [+] [  9]
 |   |   |   |- Guid:5115AFEB490213220A26E5A3C315F518 BaseClass: NativeClass:/Script/Engine.StaticMeshActor Name:StaticMeshActor_UAID_F02F741DD03C903302_2009925695 Label:Cube SpatiallyLoaded:1 Bounds:IsValid=true, Min=(X=-360.000 Y=-277.500 Z=-150.000), Max=(X=2540.000 Y=1897.500 Z=-50.000) RuntimeGrid:None EditorOnly:0 RuntimeOnly:0 HLODRelevant:1
 |   |   |- [+] [ 10]
 |   |   |   |- Guid:615C5D524E4CB28BA952B08D37B3CEA0 BaseClass: NativeClass:/Script/Engine.StaticMeshActor Name:StaticMeshActor_UAID_F02F741DD03C903302_2058450697 Label:Cube3 SpatiallyLoaded:1 Bounds:IsValid=true, Min=(X=2520.000 Y=-317.500 Z=-155.000), Max=(X=2620.000 Y=1957.500 Z=695.000) RuntimeGrid:None EditorOnly:0 RuntimeOnly:0 HLODRelevant:1
 |   |   |- [+] [ 11]
 |   |   |   |- Guid:75CCB09C43B484931F9D2D8B79CFA67B BaseClass:/Game/BP_GM.BP_GM_C NativeClass:/Script/john_Diesel.GameManager Name:BP_GM_C_UAID_F02F741DD03C9A3302_1817702455 Label:BP_GM SpatiallyLoaded:1 Bounds:IsValid=true, Min=(X=0.000 Y=0.000 Z=0.000), Max=(X=0.000 Y=0.000 Z=0.000) RuntimeGrid:None EditorOnly:0 RuntimeOnly:0 HLODRelevant:0
 |   |   |- [+] [ 12]
 |   |   |   |- Guid:7A699BF944F9DAC273FB4FAD2236D7F8 BaseClass: NativeClass:/Script/Engine.SkyLight Name:SkyLight_0 Label:SkyLight SpatiallyLoaded:0 Bounds:IsValid=true, Min=(X=0.000 Y=0.000 Z=690.000), Max=(X=0.000 Y=0.000 Z=690.000) RuntimeGrid:None EditorOnly:0 RuntimeOnly:0 HLODRelevant:0 FolderPath:Lighting FolderGuid:D9E1224C415FCB205E4105B3245ADAAB
 |   |   |- [+] [ 13]
 |   |   |   |- Guid:A5FCDC664219DC8AAD6D739ADEF9C627 BaseClass: NativeClass:/Script/Engine.PlayerStart Name:PlayerStart_0 Label:PlayerStart SpatiallyLoaded:0 Bounds:IsValid=true, Min=(X=860.000 Y=810.000 Z=0.013), Max=(X=940.000 Y=890.000 Z=184.013) RuntimeGrid:None EditorOnly:0 RuntimeOnly:0 HLODRelevant:0
 |   |   |- [+] [ 14]
 |   |   |   |- Guid:3DB4BAA3477236C5AB6467A72B667A31 BaseClass:/Game/FirstPerson/Blueprints/AirLock.AirLock_C NativeClass:/Script/Engine.Actor Name:AirLock_C_UAID_F02F741DD03C913302_1414568883 Label:AirLock SpatiallyLoaded:1 Bounds:IsValid=true, Min=(X=-332.000 Y=656.000 Z=-22.000), Max=(X=-268.000 Y=944.000 Z=282.000) RuntimeGrid:None EditorOnly:0 RuntimeOnly:0 HLODRelevant:0
 |   |   |- [+] [ 15]
 |   |   |   |- Guid:97FF78FB4EC8F13EF6751DB180B1CE46 BaseClass: NativeClass:/Script/Engine.DirectionalLight Name:DirectionalLight_0 Label:DirectionalLight SpatiallyLoaded:0 Bounds:IsValid=true, Min=(X=-1048576.000 Y=-1048576.000 Z=-1048576.000), Max=(X=1048576.000 Y=1048576.000 Z=1048576.000) RuntimeGrid:None EditorOnly:0 RuntimeOnly:0 HLODRelevant:0 FolderPath:Lighting FolderGuid:D9E1224C415FCB205E4105B3245ADAAB
 |   |   |- [+] [ 16]
 |   |   |   |- Guid:715275674E89560C8C7D509CB20B7B7D BaseClass: NativeClass:/Script/Engine.StaticMeshActor Name:StaticMeshActor_UAID_F02F741DD03C903302_2134558701 Label:Cube6 SpatiallyLoaded:1 Bounds:IsValid=true, Min=(X=1652.500 Y=1880.000 Z=20.000), Max=(X=2527.500 Y=1980.000 Z=620.000) RuntimeGrid:None EditorOnly:0 RuntimeOnly:0 HLODRelevant:1
 |   |   |- [+] [ 17]
 |   |   |   |- Guid:C1BCDA1A40224D5966CB23BF7E8B6FA1 BaseClass: NativeClass:/Script/Engine.StaticMeshActor Name:StaticMeshActor_UAID_F02F741DD03C903302_2126936700 Label:Cube5 SpatiallyLoaded:1 Bounds:IsValid=true, Min=(X=-360.000 Y=1880.000 Z=577.500), Max=(X=2540.000 Y=1980.000 Z=702.500) RuntimeGrid:None EditorOnly:0 RuntimeOnly:0 HLODRelevant:1
 |   |   |- [+] [ 18]
 |   |   |   |- Guid:13F40C7241F9A80D3E971DBC21FCAFB0 BaseClass: NativeClass:/Script/Engine.SkyAtmosphere Name:SkyAtmosphere_0 Label:SkyAtmosphere SpatiallyLoaded:0 Bounds:IsValid=true, Min=(X=0.000 Y=0.000 Z=1020.000), Max=(X=0.000 Y=0.000 Z=1020.000) RuntimeGrid:None EditorOnly:0 RuntimeOnly:0 HLODRelevant:0 FolderPath:Lighting FolderGuid:D9E1224C415FCB205E4105B3245ADAAB
 |   |   |- [+] [ 19]
 |   |   |   |- Guid:22C4F1724348A3818BBA0A939CA01B63 BaseClass: NativeClass:/Script/Engine.WorldDataLayers Name:WorldDataLayers Label:WorldDataLayers-1 SpatiallyLoaded:0 Bounds:IsValid=true, Min=(X=0.000 Y=0.000 Z=0.000), Max=(X=0.000 Y=0.000 Z=0.000) RuntimeGrid:None EditorOnly:0 RuntimeOnly:0 HLODRelevant:0
 |   |   |- [+] [ 20]
 |   |   |   |- Guid:9E2D1CDD4B2D877DE20DA789849D2534 BaseClass: NativeClass:/Script/Engine.StaticMeshActor Name:StaticMeshActor_UAID_F02F741DD03C913302_1162573881 Label:Cube10 SpatiallyLoaded:1 Bounds:IsValid=true, Min=(X=-380.000 Y=980.000 Z=-85.000), Max=(X=-280.000 Y=1880.000 Z=565.000) RuntimeGrid:None EditorOnly:0 RuntimeOnly:0 HLODRelevant:1
 |   |   |- [+] [ 21]
 |   |   |   |- Guid:6456ADDD428A590141FABFB9484712AA BaseClass: NativeClass:/Script/Engine.PostProcessVolume Name:PostProcessVolume_0 Label:PostProcessVolume SpatiallyLoaded:0 Bounds:IsValid=true, Min=(X=0.000 Y=0.000 Z=400.000), Max=(X=200.000 Y=200.000 Z=600.000) RuntimeGrid:None EditorOnly:0 RuntimeOnly:0 HLODRelevant:0 FolderPath:Lighting FolderGuid:D9E1224C415FCB205E4105B3245ADAAB
 |   |   |- [+] [ 22]
 |   |   |   |- Guid:05ADD8ED4E0C90D4F3C984969031EB81 BaseClass: NativeClass:/Script/Engine.StaticMeshActor Name:StaticMeshActor_UAID_F02F741DD03C913302_1077559878 Label:Cube7 SpatiallyLoaded:1 Bounds:IsValid=true, Min=(X=-357.500 Y=1880.000 Z=20.000), Max=(X=517.500 Y=1980.000 Z=620.000) RuntimeGrid:None EditorOnly:0 RuntimeOnly:0 HLODRelevant:1
 |- ContainerInstances:
 |- [+] MainContainer:
 |   |-        ID: 0x0000000000000000
 |   |-    Bounds: IsValid=false, Min=(X=0.000 Y=0.000 Z=0.000), Max=(X=0.000 Y=0.000 Z=0.000)
 |   |- Transform: 0.000000,0.000000,0.000000|0.000000,0.000000,-0.000000|1.000000,1.000000,1.000000
 |   |- Container: /Game/FirstPerson/Maps/FirstPersonMap
----------------------------------------------------------------------------------------------------------------
FirstPersonMap - Persistent Level
----------------------------------------------------------------------------------------------------------------
Always loaded Actor Count: 30 

----------------------------------------------------------------------------------------------------------------
FirstPersonMap - Runtime Spatial Hash - Streaming Grid - MainGrid
----------------------------------------------------------------------------------------------------------------
            Origin: X=0.000 Y=0.000 Z=0.000
         Cell Size: 12800
      World Bounds: IsValid=false, Min=(X=0.000 Y=0.000 Z=0.000), Max=(X=0.000 Y=0.000 Z=0.000)
     Loading Range: 25600.00
Block Slow Loading: No
 ClientOnlyVisible: No

[+] Grid Levels: 1
 |- Level  0: Cell Count    0 | Cell Size   12800 | Actor Count    0 (0.0%)

[+] Content of Grid Level 0

