[+] Containers:
 |- [+] Container: /Game/FirstPerson/Maps/FirstPersonMap
 |   |- [+] ActorDescs:
 |   |   |- Guid:0FEB29D4424334C87CEF2D82A0075D9C BaseClass:/Game/DockLocation.DockLocation_C NativeClass:/Script/Engine.Actor Name:DockLocation_C_UAID_F02F741DD03C9C3302_1346229808 Label:DockLocation SpatiallyLoaded:1 Bounds:IsValid=true, Min=(X=1100.000 Y=2390.000 Z=110.000), Max=(X=1100.000 Y=2390.000 Z=110.000) RuntimeGrid:None EditorOnly:0 RuntimeOnly:0 HLODRelevant:0
 |   |   |- Guid:1DF4766446AB0760AE18ADA1B19BFC18 BaseClass: NativeClass:/Script/Engine.StaticMeshActor Name:StaticMeshActor_UAID_047C161BEB92173402_2143158466 Label:Station_Cylinder_001 SpatiallyLoaded:1 Bounds:IsValid=true, Min=(X=-430.220 Y=136.809 Z=-69.575), Max=(X=-34.929 Y=577.401 Z=327.760) RuntimeGrid:None EditorOnly:0 RuntimeOnly:0 HLODRelevant:1
 |   |   |- Guid:22C4F1724348A3818BBA0A939CA01B63 BaseClass: NativeClass:/Script/Engine.WorldDataLayers Name:WorldDataLayers Label:WorldDataLayers-1 SpatiallyLoaded:0 Bounds:IsValid=true, Min=(X=0.000 Y=0.000 Z=0.000), Max=(X=0.000 Y=0.000 Z=0.000) RuntimeGrid:None EditorOnly:0 RuntimeOnly:0 HLODRelevant:0
 |   |   |- Guid:3DB4BAA3477236C5AB6467A72B667A31 BaseClass:/Game/FirstPerson/Blueprints/AirLock.AirLock_C NativeClass:/Script/Engine.Actor Name:AirLock_C_UAID_F02F741DD03C913302_1414568883 Label:AirLock SpatiallyLoaded:1 Bounds:IsValid=true, Min=(X=-332.000 Y=632.357 Z=-55.590), Max=(X=-268.000 Y=985.643 Z=315.590) RuntimeGrid:None EditorOnly:0 RuntimeOnly:0 HLODRelevant:0
 |   |   |- Guid:5115AFEB490213220A26E5A3C315F518 BaseClass: NativeClass:/Script/Engine.StaticMeshActor Name:StaticMeshActor_UAID_F02F741DD03C903302_2009925695 Label:Cube SpatiallyLoaded:1 Bounds:IsValid=true, Min=(X=-841.210 Y=-1542.852 Z=-150.000), Max=(X=3021.210 Y=3162.852 Z=-50.000) RuntimeGrid:None EditorOnly:0 RuntimeOnly:0 HLODRelevant:1
 |   |   |- Guid:554C8FAB4465389C510DB7A68ECC6628 BaseClass: NativeClass:/Script/Engine.StaticMeshActor Name:StaticMeshActor_UAID_047C161BEB92173402_2143146465 Label:Station_Cylinder SpatiallyLoaded:1 Bounds:IsValid=true, Min=(X=995.464 Y=1763.899 Z=-69.575), Max=(X=1708.288 Y=2201.321 Z=327.607) RuntimeGrid:None EditorOnly:0 RuntimeOnly:0 HLODRelevant:1
 |   |   |- Guid:616554B84D9AF28DF69ABD8837FD26D7 BaseClass: NativeClass:/Script/Engine.ExponentialHeightFog Name:ExponentialHeightFog_0 Label:ExponentialHeightFog SpatiallyLoaded:0 Bounds:IsValid=true, Min=(X=-5600.000 Y=-50.000 Z=-6850.000), Max=(X=-5600.000 Y=-50.000 Z=-6850.000) RuntimeGrid:None EditorOnly:0 RuntimeOnly:0 HLODRelevant:0 FolderPath:Lighting FolderGuid:D9E1224C415FCB205E4105B3245ADAAB
 |   |   |- Guid:61D3C22F41581F1FBBE83A840606AC75 BaseClass: NativeClass:/Script/Engine.StaticMeshActor Name:StaticMeshActor_UAID_047C161BEB92173402_2143097461 Label:Station_COUNTER SpatiallyLoaded:1 Bounds:IsValid=true, Min=(X=989.637 Y=961.597 Z=-50.000), Max=(X=1696.754 Y=1456.944 Z=327.653) RuntimeGrid:None EditorOnly:0 RuntimeOnly:0 HLODRelevant:1
 |   |   |- Guid:6456ADDD428A590141FABFB9484712AA BaseClass: NativeClass:/Script/Engine.PostProcessVolume Name:PostProcessVolume_0 Label:PostProcessVolume SpatiallyLoaded:0 Bounds:IsValid=true, Min=(X=0.000 Y=0.000 Z=400.000), Max=(X=200.000 Y=200.000 Z=600.000) RuntimeGrid:None EditorOnly:0 RuntimeOnly:0 HLODRelevant:0 FolderPath:Lighting FolderGuid:D9E1224C415FCB205E4105B3245ADAAB
 |   |   |- Guid:75CCB09C43B484931F9D2D8B79CFA67B BaseClass:/Game/BP_GM.BP_GM_C NativeClass:/Script/john_Diesel.GameManager Name:BP_GM_C_UAID_F02F741DD03C9A3302_1817702455 Label:BP_GM SpatiallyLoaded:1 Bounds:IsValid=true, Min=(X=0.000 Y=0.000 Z=0.000), Max=(X=0.000 Y=0.000 Z=0.000) RuntimeGrid:None EditorOnly:0 RuntimeOnly:0 HLODRelevant:0
 |   |   |- Guid:7A699BF944F9DAC273FB4FAD2236D7F8 BaseClass: NativeClass:/Script/Engine.SkyLight Name:SkyLight_0 Label:SkyLight SpatiallyLoaded:0 Bounds:IsValid=true, Min=(X=0.000 Y=0.000 Z=690.000), Max=(X=0.000 Y=0.000 Z=690.000) RuntimeGrid:None EditorOnly:0 RuntimeOnly:0 HLODRelevant:0 FolderPath:Lighting FolderGuid:D9E1224C415FCB205E4105B3245ADAAB
 |   |   |- Guid:97FF78FB4EC8F13EF6751DB180B1CE46 BaseClass: NativeClass:/Script/Engine.DirectionalLight Name:DirectionalLight_0 Label:DirectionalLight SpatiallyLoaded:0 Bounds:IsValid=true, Min=(X=-1048576.000 Y=-1048576.000 Z=-1048576.000), Max=(X=1048576.000 Y=1048576.000 Z=1048576.000) RuntimeGrid:None EditorOnly:0 RuntimeOnly:0 HLODRelevant:0 FolderPath:Lighting FolderGuid:D9E1224C415FCB205E4105B3245ADAAB
 |   |   |- Guid:A5FCDC664219DC8AAD6D739ADEF9C627 BaseClass: NativeClass:/Script/Engine.PlayerStart Name:PlayerStart_0 Label:PlayerStart SpatiallyLoaded:0 Bounds:IsValid=true, Min=(X=1063.000 Y=810.000 Z=60.013), Max=(X=1143.000 Y=890.000 Z=244.013) RuntimeGrid:None EditorOnly:0 RuntimeOnly:0 HLODRelevant:0
 |   |   |- Guid:A7495D03449352130FE9B5AD5A5CF27C BaseClass: NativeClass:/Script/Engine.StaticMeshActor Name:StaticMeshActor_UAID_047C161BEB92173402_2143170467 Label:Station_WALLS SpatiallyLoaded:1 Bounds:IsValid=true, Min=(X=-53.418 Y=61.002 Z=-50.000), Max=(X=1717.364 Y=1475.978 Z=327.968) RuntimeGrid:None EditorOnly:0 RuntimeOnly:0 HLODRelevant:1
 |   |   |- Guid:B8756312400EBB8CE85B31BE18941B9A BaseClass:/Game/Equipment/Fuel_Nozzle/BP_Gas_Gun.BP_Gas_Gun_C NativeClass:/Script/Engine.Actor Name:BP_Gas_Gun_C_UAID_047C161BEB92C53302_1549798029 Label:BP_Gas_Gun SpatiallyLoaded:1 Bounds:IsValid=true, Min=(X=-101.413 Y=1137.185 Z=39.772), Max=(X=39.413 Y=1274.815 Z=95.000) RuntimeGrid:None EditorOnly:0 RuntimeOnly:0 HLODRelevant:0
 |   |   |- Guid:D736E17742EDDBECCDE3BF9DD921EB47 BaseClass: NativeClass:/Script/Engine.StaticMeshActor Name:StaticMeshActor_UAID_047C161BEB92173402_2143122463 Label:Station_Cube_001 SpatiallyLoaded:1 Bounds:IsValid=true, Min=(X=-46.094 Y=945.453 Z=-50.000), Max=(X=1698.491 Y=2200.600 Z=327.315) RuntimeGrid:None EditorOnly:0 RuntimeOnly:0 HLODRelevant:1
 |   |   |- Guid:EA1AEA95435BCF27AF739397E4A75ECB BaseClass: NativeClass:/Script/Engine.StaticMeshActor Name:StaticMeshActor_UAID_047C161BEB92173402_2143110462 Label:Station_Cube SpatiallyLoaded:1 Bounds:IsValid=true, Min=(X=1695.010 Y=1474.745 Z=-51.775), Max=(X=1716.040 Y=2200.749 Z=327.760) RuntimeGrid:None EditorOnly:0 RuntimeOnly:0 HLODRelevant:1
 |   |   |- Guid:ED1B8E74471F17E87E8A4A87B5FBF87F BaseClass: NativeClass:/Script/Engine.StaticMeshActor Name:StaticMeshActor_UAID_047C161BEB92173402_2143134464 Label:Station_Cube_002 SpatiallyLoaded:1 Bounds:IsValid=true, Min=(X=984.027 Y=950.552 Z=37.463), Max=(X=1698.673 Y=1462.602 Z=45.835) RuntimeGrid:None EditorOnly:0 RuntimeOnly:0 HLODRelevant:1
 |   |   |- Guid:F42621C9454466EFCA49DAA1DFC974B6 BaseClass: NativeClass:/Script/Engine.Actor Name:Actor_UAID_F02F741DD03C9B3302_1909043631 Label:DockLocation SpatiallyLoaded:1 Bounds:IsValid=true, Min=(X=1040.000 Y=2430.000 Z=80.000), Max=(X=1040.000 Y=2430.000 Z=80.000) RuntimeGrid:None EditorOnly:0 RuntimeOnly:0 HLODRelevant:0
 |   |- [+] Clusters:
 |   |   |- [+] [  0]
 |   |   |   |- Guid:616554B84D9AF28DF69ABD8837FD26D7 BaseClass: NativeClass:/Script/Engine.ExponentialHeightFog Name:ExponentialHeightFog_0 Label:ExponentialHeightFog SpatiallyLoaded:0 Bounds:IsValid=true, Min=(X=-5600.000 Y=-50.000 Z=-6850.000), Max=(X=-5600.000 Y=-50.000 Z=-6850.000) RuntimeGrid:None EditorOnly:0 RuntimeOnly:0 HLODRelevant:0 FolderPath:Lighting FolderGuid:D9E1224C415FCB205E4105B3245ADAAB
 |   |   |- [+] [  1]
 |   |   |   |- Guid:0FEB29D4424334C87CEF2D82A0075D9C BaseClass:/Game/DockLocation.DockLocation_C NativeClass:/Script/Engine.Actor Name:DockLocation_C_UAID_F02F741DD03C9C3302_1346229808 Label:DockLocation SpatiallyLoaded:1 Bounds:IsValid=true, Min=(X=1100.000 Y=2390.000 Z=110.000), Max=(X=1100.000 Y=2390.000 Z=110.000) RuntimeGrid:None EditorOnly:0 RuntimeOnly:0 HLODRelevant:0
 |   |   |- [+] [  2]
 |   |   |   |- Guid:F42621C9454466EFCA49DAA1DFC974B6 BaseClass: NativeClass:/Script/Engine.Actor Name:Actor_UAID_F02F741DD03C9B3302_1909043631 Label:DockLocation SpatiallyLoaded:1 Bounds:IsValid=true, Min=(X=1040.000 Y=2430.000 Z=80.000), Max=(X=1040.000 Y=2430.000 Z=80.000) RuntimeGrid:None EditorOnly:0 RuntimeOnly:0 HLODRelevant:0
 |   |   |- [+] [  3]
 |   |   |   |- Guid:5115AFEB490213220A26E5A3C315F518 BaseClass: NativeClass:/Script/Engine.StaticMeshActor Name:StaticMeshActor_UAID_F02F741DD03C903302_2009925695 Label:Cube SpatiallyLoaded:1 Bounds:IsValid=true, Min=(X=-841.210 Y=-1542.852 Z=-150.000), Max=(X=3021.210 Y=3162.852 Z=-50.000) RuntimeGrid:None EditorOnly:0 RuntimeOnly:0 HLODRelevant:1
 |   |   |- [+] [  4]
 |   |   |   |- Guid:B8756312400EBB8CE85B31BE18941B9A BaseClass:/Game/Equipment/Fuel_Nozzle/BP_Gas_Gun.BP_Gas_Gun_C NativeClass:/Script/Engine.Actor Name:BP_Gas_Gun_C_UAID_047C161BEB92C53302_1549798029 Label:BP_Gas_Gun SpatiallyLoaded:1 Bounds:IsValid=true, Min=(X=-101.413 Y=1137.185 Z=39.772), Max=(X=39.413 Y=1274.815 Z=95.000) RuntimeGrid:None EditorOnly:0 RuntimeOnly:0 HLODRelevant:0
 |   |   |- [+] [  5]
 |   |   |   |- Guid:75CCB09C43B484931F9D2D8B79CFA67B BaseClass:/Game/BP_GM.BP_GM_C NativeClass:/Script/john_Diesel.GameManager Name:BP_GM_C_UAID_F02F741DD03C9A3302_1817702455 Label:BP_GM SpatiallyLoaded:1 Bounds:IsValid=true, Min=(X=0.000 Y=0.000 Z=0.000), Max=(X=0.000 Y=0.000 Z=0.000) RuntimeGrid:None EditorOnly:0 RuntimeOnly:0 HLODRelevant:0
 |   |   |- [+] [  6]
 |   |   |   |- Guid:7A699BF944F9DAC273FB4FAD2236D7F8 BaseClass: NativeClass:/Script/Engine.SkyLight Name:SkyLight_0 Label:SkyLight SpatiallyLoaded:0 Bounds:IsValid=true, Min=(X=0.000 Y=0.000 Z=690.000), Max=(X=0.000 Y=0.000 Z=690.000) RuntimeGrid:None EditorOnly:0 RuntimeOnly:0 HLODRelevant:0 FolderPath:Lighting FolderGuid:D9E1224C415FCB205E4105B3245ADAAB
 |   |   |- [+] [  7]
 |   |   |   |- Guid:A5FCDC664219DC8AAD6D739ADEF9C627 BaseClass: NativeClass:/Script/Engine.PlayerStart Name:PlayerStart_0 Label:PlayerStart SpatiallyLoaded:0 Bounds:IsValid=true, Min=(X=1063.000 Y=810.000 Z=60.013), Max=(X=1143.000 Y=890.000 Z=244.013) RuntimeGrid:None EditorOnly:0 RuntimeOnly:0 HLODRelevant:0
 |   |   |- [+] [  8]
 |   |   |   |- Guid:3DB4BAA3477236C5AB6467A72B667A31 BaseClass:/Game/FirstPerson/Blueprints/AirLock.AirLock_C NativeClass:/Script/Engine.Actor Name:AirLock_C_UAID_F02F741DD03C913302_1414568883 Label:AirLock SpatiallyLoaded:1 Bounds:IsValid=true, Min=(X=-332.000 Y=632.357 Z=-55.590), Max=(X=-268.000 Y=985.643 Z=315.590) RuntimeGrid:None EditorOnly:0 RuntimeOnly:0 HLODRelevant:0
 |   |   |- [+] [  9]
 |   |   |   |- Guid:97FF78FB4EC8F13EF6751DB180B1CE46 BaseClass: NativeClass:/Script/Engine.DirectionalLight Name:DirectionalLight_0 Label:DirectionalLight SpatiallyLoaded:0 Bounds:IsValid=true, Min=(X=-1048576.000 Y=-1048576.000 Z=-1048576.000), Max=(X=1048576.000 Y=1048576.000 Z=1048576.000) RuntimeGrid:None EditorOnly:0 RuntimeOnly:0 HLODRelevant:0 FolderPath:Lighting FolderGuid:D9E1224C415FCB205E4105B3245ADAAB
 |   |   |- [+] [ 10]
 |   |   |   |- Guid:22C4F1724348A3818BBA0A939CA01B63 BaseClass: NativeClass:/Script/Engine.WorldDataLayers Name:WorldDataLayers Label:WorldDataLayers-1 SpatiallyLoaded:0 Bounds:IsValid=true, Min=(X=0.000 Y=0.000 Z=0.000), Max=(X=0.000 Y=0.000 Z=0.000) RuntimeGrid:None EditorOnly:0 RuntimeOnly:0 HLODRelevant:0
 |   |   |- [+] [ 11]
 |   |   |   |- Guid:6456ADDD428A590141FABFB9484712AA BaseClass: NativeClass:/Script/Engine.PostProcessVolume Name:PostProcessVolume_0 Label:PostProcessVolume SpatiallyLoaded:0 Bounds:IsValid=true, Min=(X=0.000 Y=0.000 Z=400.000), Max=(X=200.000 Y=200.000 Z=600.000) RuntimeGrid:None EditorOnly:0 RuntimeOnly:0 HLODRelevant:0 FolderPath:Lighting FolderGuid:D9E1224C415FCB205E4105B3245ADAAB
 |   |   |- [+] [ 12]
 |   |   |   |- Guid:61D3C22F41581F1FBBE83A840606AC75 BaseClass: NativeClass:/Script/Engine.StaticMeshActor Name:StaticMeshActor_UAID_047C161BEB92173402_2143097461 Label:Station_COUNTER SpatiallyLoaded:1 Bounds:IsValid=true, Min=(X=989.637 Y=961.597 Z=-50.000), Max=(X=1696.754 Y=1456.944 Z=327.653) RuntimeGrid:None EditorOnly:0 RuntimeOnly:0 HLODRelevant:1
 |   |   |- [+] [ 13]
 |   |   |   |- Guid:EA1AEA95435BCF27AF739397E4A75ECB BaseClass: NativeClass:/Script/Engine.StaticMeshActor Name:StaticMeshActor_UAID_047C161BEB92173402_2143110462 Label:Station_Cube SpatiallyLoaded:1 Bounds:IsValid=true, Min=(X=1695.010 Y=1474.745 Z=-51.775), Max=(X=1716.040 Y=2200.749 Z=327.760) RuntimeGrid:None EditorOnly:0 RuntimeOnly:0 HLODRelevant:1
 |   |   |- [+] [ 14]
 |   |   |   |- Guid:D736E17742EDDBECCDE3BF9DD921EB47 BaseClass: NativeClass:/Script/Engine.StaticMeshActor Name:StaticMeshActor_UAID_047C161BEB92173402_2143122463 Label:Station_Cube_001 SpatiallyLoaded:1 Bounds:IsValid=true, Min=(X=-46.094 Y=945.453 Z=-50.000), Max=(X=1698.491 Y=2200.600 Z=327.315) RuntimeGrid:None EditorOnly:0 RuntimeOnly:0 HLODRelevant:1
 |   |   |- [+] [ 15]
 |   |   |   |- Guid:ED1B8E74471F17E87E8A4A87B5FBF87F BaseClass: NativeClass:/Script/Engine.StaticMeshActor Name:StaticMeshActor_UAID_047C161BEB92173402_2143134464 Label:Station_Cube_002 SpatiallyLoaded:1 Bounds:IsValid=true, Min=(X=984.027 Y=950.552 Z=37.463), Max=(X=1698.673 Y=1462.602 Z=45.835) RuntimeGrid:None EditorOnly:0 RuntimeOnly:0 HLODRelevant:1
 |   |   |- [+] [ 16]
 |   |   |   |- Guid:554C8FAB4465389C510DB7A68ECC6628 BaseClass: NativeClass:/Script/Engine.StaticMeshActor Name:StaticMeshActor_UAID_047C161BEB92173402_2143146465 Label:Station_Cylinder SpatiallyLoaded:1 Bounds:IsValid=true, Min=(X=995.464 Y=1763.899 Z=-69.575), Max=(X=1708.288 Y=2201.321 Z=327.607) RuntimeGrid:None EditorOnly:0 RuntimeOnly:0 HLODRelevant:1
 |   |   |- [+] [ 17]
 |   |   |   |- Guid:1DF4766446AB0760AE18ADA1B19BFC18 BaseClass: NativeClass:/Script/Engine.StaticMeshActor Name:StaticMeshActor_UAID_047C161BEB92173402_2143158466 Label:Station_Cylinder_001 SpatiallyLoaded:1 Bounds:IsValid=true, Min=(X=-430.220 Y=136.809 Z=-69.575), Max=(X=-34.929 Y=577.401 Z=327.760) RuntimeGrid:None EditorOnly:0 RuntimeOnly:0 HLODRelevant:1
 |   |   |- [+] [ 18]
 |   |   |   |- Guid:A7495D03449352130FE9B5AD5A5CF27C BaseClass: NativeClass:/Script/Engine.StaticMeshActor Name:StaticMeshActor_UAID_047C161BEB92173402_2143170467 Label:Station_WALLS SpatiallyLoaded:1 Bounds:IsValid=true, Min=(X=-53.418 Y=61.002 Z=-50.000), Max=(X=1717.364 Y=1475.978 Z=327.968) RuntimeGrid:None EditorOnly:0 RuntimeOnly:0 HLODRelevant:1
 |- ContainerInstances:
 |- [+] MainContainer:
 |   |-        ID: 0x0000000000000000
 |   |-    Bounds: IsValid=false, Min=(X=0.000 Y=0.000 Z=0.000), Max=(X=0.000 Y=0.000 Z=0.000)
 |   |- Transform: 0.000000,0.000000,0.000000|0.000000,0.000000,-0.000000|1.000000,1.000000,1.000000
 |   |- Container: /Game/FirstPerson/Maps/FirstPersonMap
----------------------------------------------------------------------------------------------------------------
FirstPersonMap - Persistent Level
----------------------------------------------------------------------------------------------------------------
Always loaded Actor Count: 33 

----------------------------------------------------------------------------------------------------------------
FirstPersonMap - Runtime Spatial Hash - Streaming Grid - MainGrid
----------------------------------------------------------------------------------------------------------------
            Origin: X=0.000 Y=0.000 Z=0.000
         Cell Size: 12800
      World Bounds: IsValid=false, Min=(X=0.000 Y=0.000 Z=0.000), Max=(X=0.000 Y=0.000 Z=0.000)
     Loading Range: 25600.00
Block Slow Loading: No
 ClientOnlyVisible: No

[+] Grid Levels: 1
 |- Level  0: Cell Count    0 | Cell Size   12800 | Actor Count    0 (0.0%)

[+] Content of Grid Level 0

